Copyright 1986-2020 Xilinx, Inc. All Rights Reserved.
-----------------------------------------------------------------------------------------
| Tool Version : Vivado v.2020.1 (win64) Build 2902540 Wed May 27 19:54:49 MDT 2020
| Date         : Sat Jun 19 10:56:47 2021
| Host         : DESKTOP-J3N7B01 running 64-bit major release  (build 9200)
| Command      : report_control_sets -verbose -file dac_toplevel_control_sets_placed.rpt
| Design       : dac_toplevel
| Device       : xc7z045
-----------------------------------------------------------------------------------------

Control Set Information

Table of Contents
-----------------
1. Summary
2. Histogram
3. Flip-Flop Distribution
4. Detailed Control Set Information

1. Summary
----------

+----------------------------------------------------------+-------+
|                          Status                          | Count |
+----------------------------------------------------------+-------+
| Total control sets                                       |     6 |
|    Minimum number of control sets                        |     6 |
|    Addition due to synthesis replication                 |     0 |
|    Addition due to physical synthesis replication        |     0 |
| Unused register locations in slices containing registers |    33 |
+----------------------------------------------------------+-------+
* Control sets can be merged at opt_design using control_set_merge or merge_equivalent_drivers
** Run report_qor_suggestions for automated merging and remapping suggestions


2. Histogram
------------

+--------------------+-------+
|       Fanout       | Count |
+--------------------+-------+
| Total control sets |     6 |
| >= 0 to < 4        |     5 |
| >= 4 to < 6        |     1 |
| >= 6 to < 8        |     0 |
| >= 8 to < 10       |     0 |
| >= 10 to < 12      |     0 |
| >= 12 to < 14      |     0 |
| >= 14 to < 16      |     0 |
| >= 16              |     0 |
+--------------------+-------+
* Control sets can be remapped at either synth_design or opt_design


3. Flip-Flop Distribution
-------------------------

+--------------+-----------------------+------------------------+-----------------+--------------+
| Clock Enable | Synchronous Set/Reset | Asynchronous Set/Reset | Total Registers | Total Slices |
+--------------+-----------------------+------------------------+-----------------+--------------+
| No           | No                    | No                     |               7 |            2 |
| No           | No                    | Yes                    |               8 |            4 |
| No           | Yes                   | No                     |               0 |            0 |
| Yes          | No                    | No                     |               0 |            0 |
| Yes          | No                    | Yes                    |               0 |            0 |
| Yes          | Yes                   | No                     |               0 |            0 |
+--------------+-----------------------+------------------------+-----------------+--------------+


4. Detailed Control Set Information
-----------------------------------

+---------------------------+---------------+------------------------------------------------------------------------------------------------------------------------------------+------------------+----------------+--------------+
|        Clock Signal       | Enable Signal |                                                          Set/Reset Signal                                                          | Slice Load Count | Bel Load Count | Bels / Slice |
+---------------------------+---------------+------------------------------------------------------------------------------------------------------------------------------------+------------------+----------------+--------------+
|                           |               | SYNC_FIFO/U0/inst_fifo_gen/gconvfifo.rf/grf.rf/rstblk/ngwrdrst.grst.g7serrst.gnsckt_wrst.gic_rst.rst_rd_reg2_inst/arststages_ff[1] |                1 |              1 |         1.00 |
|                           |               | SYNC_FIFO/U0/inst_fifo_gen/gconvfifo.rf/grf.rf/rstblk/ngwrdrst.grst.g7serrst.gnsckt_wrst.gic_rst.sckt_rd_rst_ic_reg_0[0]           |                1 |              2 |         2.00 |
|                           |               | SYNC_FIFO/U0/inst_fifo_gen/gconvfifo.rf/grf.rf/rstblk/rst_d2                                                                       |                1 |              2 |         2.00 |
|                           |               | SYNC_FIFO/U0/inst_fifo_gen/gconvfifo.rf/grf.rf/rstblk/ngwrdrst.grst.g7serrst.gnsckt_wrst.rst_wr_reg2_inst/arststages_ff[1]         |                1 |              3 |         3.00 |
|  single_clk_out_OBUF_BUFG |               |                                                                                                                                    |                1 |              3 |         3.00 |
|                           |               |                                                                                                                                    |                1 |              4 |         4.00 |
+---------------------------+---------------+------------------------------------------------------------------------------------------------------------------------------------+------------------+----------------+--------------+


