
*** Running vivado
    with args -log sine_gen_16bits.vds -m64 -product Vivado -mode batch -messageDb vivado.pb -notrace -source sine_gen_16bits.tcl



****** Vivado v2020.1 (64-bit)
  **** SW Build 2902540 on Wed May 27 19:54:49 MDT 2020
  **** IP Build 2902112 on Wed May 27 22:43:36 MDT 2020
    ** Copyright 1986-2020 Xilinx, Inc. All Rights Reserved.

source sine_gen_16bits.tcl -notrace
INFO: [IP_Flow 19-234] Refreshing IP repositories
INFO: [IP_Flow 19-1700] Loaded user IP repository 'c:/Users/Projet/Desktop/Recherche/custom_ips/sine_generator_16bits/ip'.
INFO: [IP_Flow 19-2313] Loaded Vivado IP repository 'C:/Xilinx/Vivado/2020.1/data/ip'.
WARNING: [IP_Flow 19-4995] The host OS only allows 260 characters in a normal path. The IP cache path is more than 80 characters. If you experience issues with IP caching, please consider changing the IP cache to a location with a shorter path. Alternately consider using the OS subst command to map part of the path to a drive letter. 
Current IP cache path is c:/Users/Projet/Desktop/Recherche/gallay_DACGenesys2/workspace/DACZC706/DACZC706.cache/ip 
Command: synth_design -top sine_gen_16bits -part xc7z045ffg900-2 -mode out_of_context
Starting synth_design
Attempting to get a license for feature 'Synthesis' and/or device 'xc7z045'
INFO: [Common 17-349] Got license for feature 'Synthesis' and/or device 'xc7z045'
INFO: [Device 21-403] Loading part xc7z045ffg900-2
INFO: [Synth 8-7079] Multithreading enabled for synth_design using a maximum of 2 processes.
INFO: [Synth 8-7078] Launching helper process for spawning children vivado processes
INFO: [Synth 8-7075] Helper process launched with PID 14072
---------------------------------------------------------------------------------
Starting RTL Elaboration : Time (s): cpu = 00:00:05 ; elapsed = 00:00:05 . Memory (MB): peak = 1390.367 ; gain = 244.477
---------------------------------------------------------------------------------
INFO: [Synth 8-638] synthesizing module 'sine_gen_16bits' [c:/Users/Projet/Desktop/Recherche/gallay_DACGenesys2/workspace/DACZC706/DACZC706.srcs/sources_1/ip/sine_gen_16bits/synth/sine_gen_16bits.vhd:66]
INFO: [Synth 8-3491] module 'sine_generator_16bits' declared at 'c:/Users/Projet/Desktop/Recherche/gallay_DACGenesys2/workspace/DACZC706/DACZC706.srcs/sources_1/ip/sine_gen_16bits/xil_defaultlib/hdl/sine_generator_16bits.vhd:89' bound to instance 'U0' of component 'sine_generator_16bits' [c:/Users/Projet/Desktop/Recherche/gallay_DACGenesys2/workspace/DACZC706/DACZC706.srcs/sources_1/ip/sine_gen_16bits/synth/sine_gen_16bits.vhd:89]
INFO: [Synth 8-638] synthesizing module 'sine_generator_16bits' [c:/Users/Projet/Desktop/Recherche/gallay_DACGenesys2/workspace/DACZC706/DACZC706.srcs/sources_1/ip/sine_gen_16bits/xil_defaultlib/hdl/sine_generator_16bits.vhd:95]
INFO: [Synth 8-638] synthesizing module 'sine_generator_16bits_default_clock_driver' [c:/Users/Projet/Desktop/Recherche/gallay_DACGenesys2/workspace/DACZC706/DACZC706.srcs/sources_1/ip/sine_gen_16bits/xil_defaultlib/hdl/sine_generator_16bits.vhd:69]
INFO: [Synth 8-638] synthesizing module 'xlclockdriver' [c:/Users/Projet/Desktop/Recherche/gallay_DACGenesys2/workspace/DACZC706/DACZC706.srcs/sources_1/ip/sine_gen_16bits/xil_defaultlib/hdl/xlclockdriver_rd.vhd:59]
	Parameter period bound to: 1 - type: integer 
	Parameter log_2_period bound to: 1 - type: integer 
	Parameter pipeline_regs bound to: 5 - type: integer 
	Parameter use_bufg bound to: 0 - type: integer 
	Parameter width bound to: 1 - type: integer 
	Parameter init_index bound to: 0 - type: integer 
	Parameter init_value bound to: 4'b0000 
	Parameter latency bound to: 1 - type: integer 
INFO: [Synth 8-3491] module 'synth_reg_w_init' declared at 'c:/Users/Projet/Desktop/Recherche/gallay_DACGenesys2/workspace/DACZC706/DACZC706.srcs/sources_1/ip/sine_gen_16bits/xil_defaultlib/hdl/synth_reg_w_init.vhd:31' bound to instance 'clr_reg' of component 'synth_reg_w_init' [c:/Users/Projet/Desktop/Recherche/gallay_DACGenesys2/workspace/DACZC706/DACZC706.srcs/sources_1/ip/sine_gen_16bits/xil_defaultlib/hdl/xlclockdriver_rd.vhd:236]
INFO: [Synth 8-638] synthesizing module 'synth_reg_w_init' [c:/Users/Projet/Desktop/Recherche/gallay_DACGenesys2/workspace/DACZC706/DACZC706.srcs/sources_1/ip/sine_gen_16bits/xil_defaultlib/hdl/synth_reg_w_init.vhd:47]
	Parameter width bound to: 1 - type: integer 
	Parameter init_index bound to: 0 - type: integer 
	Parameter init_value bound to: 4'b0000 
	Parameter latency bound to: 1 - type: integer 
	Parameter width bound to: 1 - type: integer 
	Parameter init_index bound to: 0 - type: integer 
	Parameter init_value bound to: 4'b0000 
INFO: [Synth 8-3491] module 'single_reg_w_init' declared at 'c:/Users/Projet/Desktop/Recherche/gallay_DACGenesys2/workspace/DACZC706/DACZC706.srcs/sources_1/ip/sine_gen_16bits/xil_defaultlib/hdl/single_reg_w_init.vhd:22' bound to instance 'reg_comp' of component 'single_reg_w_init' [c:/Users/Projet/Desktop/Recherche/gallay_DACGenesys2/workspace/DACZC706/DACZC706.srcs/sources_1/ip/sine_gen_16bits/xil_defaultlib/hdl/synth_reg_w_init.vhd:79]
INFO: [Synth 8-638] synthesizing module 'single_reg_w_init' [c:/Users/Projet/Desktop/Recherche/gallay_DACGenesys2/workspace/DACZC706/DACZC706.srcs/sources_1/ip/sine_gen_16bits/xil_defaultlib/hdl/single_reg_w_init.vhd:37]
	Parameter width bound to: 1 - type: integer 
	Parameter init_index bound to: 0 - type: integer 
	Parameter init_value bound to: 4'b0000 
INFO: [Synth 8-113] binding component instance 'fdre_comp' to cell 'FDRE' [c:/Users/Projet/Desktop/Recherche/gallay_DACGenesys2/workspace/DACZC706/DACZC706.srcs/sources_1/ip/sine_gen_16bits/xil_defaultlib/hdl/single_reg_w_init.vhd:86]
INFO: [Synth 8-256] done synthesizing module 'single_reg_w_init' (1#1) [c:/Users/Projet/Desktop/Recherche/gallay_DACGenesys2/workspace/DACZC706/DACZC706.srcs/sources_1/ip/sine_gen_16bits/xil_defaultlib/hdl/single_reg_w_init.vhd:37]
INFO: [Synth 8-256] done synthesizing module 'synth_reg_w_init' (2#1) [c:/Users/Projet/Desktop/Recherche/gallay_DACGenesys2/workspace/DACZC706/DACZC706.srcs/sources_1/ip/sine_gen_16bits/xil_defaultlib/hdl/synth_reg_w_init.vhd:47]
INFO: [Synth 8-256] done synthesizing module 'xlclockdriver' (3#1) [c:/Users/Projet/Desktop/Recherche/gallay_DACGenesys2/workspace/DACZC706/DACZC706.srcs/sources_1/ip/sine_gen_16bits/xil_defaultlib/hdl/xlclockdriver_rd.vhd:59]
INFO: [Synth 8-256] done synthesizing module 'sine_generator_16bits_default_clock_driver' (4#1) [c:/Users/Projet/Desktop/Recherche/gallay_DACGenesys2/workspace/DACZC706/DACZC706.srcs/sources_1/ip/sine_gen_16bits/xil_defaultlib/hdl/sine_generator_16bits.vhd:69]
INFO: [Synth 8-638] synthesizing module 'sine_generator_16bits_struct' [c:/Users/Projet/Desktop/Recherche/gallay_DACGenesys2/workspace/DACZC706/DACZC706.srcs/sources_1/ip/sine_gen_16bits/xil_defaultlib/hdl/sine_generator_16bits.vhd:13]
INFO: [Synth 8-638] synthesizing module 'sine_generator_16bits_xlsprom' [c:/Users/Projet/Desktop/Recherche/gallay_DACGenesys2/workspace/DACZC706/DACZC706.srcs/sources_1/ip/sine_gen_16bits/xil_defaultlib/hdl/sine_generator_16bits_entity_declarations.vhd:63]
	Parameter c_address_width bound to: 10 - type: integer 
	Parameter c_width bound to: 16 - type: integer 
	Parameter mem_size bound to: 16384 - type: integer 
	Parameter mem_init_file bound to: xpm_61ff96_vivado.mem - type: string 
	Parameter read_reset_val bound to: 0 - type: string 
	Parameter mem_type bound to: block - type: string 
	Parameter latency bound to: 1 - type: integer 
	Parameter MEMORY_SIZE bound to: 16384 - type: integer 
	Parameter MEMORY_PRIMITIVE bound to: block - type: string 
	Parameter ECC_MODE bound to: no_ecc - type: string 
	Parameter MEMORY_INIT_FILE bound to: xpm_61ff96_vivado.mem - type: string 
	Parameter MEMORY_INIT_PARAM bound to: (null) - type: string 
	Parameter USE_MEM_INIT bound to: 1 - type: integer 
	Parameter USE_MEM_INIT_MMI bound to: 0 - type: integer 
	Parameter WAKEUP_TIME bound to: disable_sleep - type: string 
	Parameter AUTO_SLEEP_TIME bound to: 0 - type: integer 
	Parameter MESSAGE_CONTROL bound to: 0 - type: integer 
	Parameter MEMORY_OPTIMIZATION bound to: true - type: string 
	Parameter CASCADE_HEIGHT bound to: 0 - type: integer 
	Parameter SIM_ASSERT_CHK bound to: 0 - type: integer 
	Parameter READ_DATA_WIDTH_A bound to: 16 - type: integer 
	Parameter ADDR_WIDTH_A bound to: 10 - type: integer 
	Parameter READ_RESET_VALUE_A bound to: 0 - type: string 
	Parameter READ_LATENCY_A bound to: 1 - type: integer 
	Parameter RST_MODE_A bound to: SYNC - type: string 
INFO: [Synth 8-3491] module 'xpm_memory_sprom' declared at 'C:/Xilinx/Vivado/2020.1/data/ip/xpm/xpm_memory/hdl/xpm_memory.sv:8727' bound to instance 'xpm_memory_sprom_inst' of component 'xpm_memory_sprom' [c:/Users/Projet/Desktop/Recherche/gallay_DACGenesys2/workspace/DACZC706/DACZC706.srcs/sources_1/ip/sine_gen_16bits/xil_defaultlib/hdl/sine_generator_16bits_entity_declarations.vhd:71]
INFO: [Synth 8-6157] synthesizing module 'xpm_memory_sprom' [C:/Xilinx/Vivado/2020.1/data/ip/xpm/xpm_memory/hdl/xpm_memory.sv:8727]
	Parameter MEMORY_SIZE bound to: 16384 - type: integer 
	Parameter MEMORY_PRIMITIVE bound to: block - type: string 
	Parameter ECC_MODE bound to: no_ecc - type: string 
	Parameter MEMORY_INIT_FILE bound to: xpm_61ff96_vivado.mem - type: string 
	Parameter MEMORY_INIT_PARAM bound to: (null) - type: string 
	Parameter USE_MEM_INIT bound to: 1 - type: integer 
	Parameter USE_MEM_INIT_MMI bound to: 0 - type: integer 
	Parameter WAKEUP_TIME bound to: disable_sleep - type: string 
	Parameter AUTO_SLEEP_TIME bound to: 0 - type: integer 
	Parameter MESSAGE_CONTROL bound to: 0 - type: integer 
	Parameter MEMORY_OPTIMIZATION bound to: true - type: string 
	Parameter CASCADE_HEIGHT bound to: 0 - type: integer 
	Parameter SIM_ASSERT_CHK bound to: 0 - type: integer 
	Parameter READ_DATA_WIDTH_A bound to: 16 - type: integer 
	Parameter ADDR_WIDTH_A bound to: 10 - type: integer 
	Parameter READ_RESET_VALUE_A bound to: 0 - type: string 
	Parameter READ_LATENCY_A bound to: 1 - type: integer 
	Parameter RST_MODE_A bound to: SYNC - type: string 
	Parameter P_MEMORY_PRIMITIVE bound to: 2 - type: integer 
	Parameter P_CLOCKING_MODE bound to: 0 - type: integer 
	Parameter P_ECC_MODE bound to: 0 - type: integer 
	Parameter P_WAKEUP_TIME bound to: 0 - type: integer 
	Parameter P_MEMORY_OPTIMIZATION bound to: 1 - type: integer 
INFO: [Synth 8-6157] synthesizing module 'xpm_memory_base' [C:/Xilinx/Vivado/2020.1/data/ip/xpm/xpm_memory/hdl/xpm_memory.sv:57]
	Parameter MEMORY_TYPE bound to: 3 - type: integer 
	Parameter MEMORY_SIZE bound to: 16384 - type: integer 
	Parameter MEMORY_PRIMITIVE bound to: 2 - type: integer 
	Parameter CLOCKING_MODE bound to: 0 - type: integer 
	Parameter ECC_MODE bound to: 0 - type: integer 
	Parameter MEMORY_INIT_FILE bound to: xpm_61ff96_vivado.mem - type: string 
	Parameter MEMORY_INIT_PARAM bound to: (null) - type: string 
	Parameter USE_MEM_INIT_MMI bound to: 0 - type: integer 
	Parameter USE_MEM_INIT bound to: 1 - type: integer 
	Parameter MEMORY_OPTIMIZATION bound to: true - type: string 
	Parameter WAKEUP_TIME bound to: 0 - type: integer 
	Parameter AUTO_SLEEP_TIME bound to: 0 - type: integer 
	Parameter MESSAGE_CONTROL bound to: 0 - type: integer 
	Parameter VERSION bound to: 0 - type: integer 
	Parameter USE_EMBEDDED_CONSTRAINT bound to: 0 - type: integer 
	Parameter CASCADE_HEIGHT bound to: 0 - type: integer 
	Parameter SIM_ASSERT_CHK bound to: 0 - type: integer 
	Parameter WRITE_PROTECT bound to: 1 - type: integer 
	Parameter WRITE_DATA_WIDTH_A bound to: 16 - type: integer 
	Parameter READ_DATA_WIDTH_A bound to: 16 - type: integer 
	Parameter BYTE_WRITE_WIDTH_A bound to: 16 - type: integer 
	Parameter ADDR_WIDTH_A bound to: 10 - type: integer 
	Parameter READ_RESET_VALUE_A bound to: 0 - type: string 
	Parameter READ_LATENCY_A bound to: 1 - type: integer 
	Parameter WRITE_MODE_A bound to: 1 - type: integer 
	Parameter RST_MODE_A bound to: SYNC - type: string 
	Parameter WRITE_DATA_WIDTH_B bound to: 16 - type: integer 
	Parameter READ_DATA_WIDTH_B bound to: 16 - type: integer 
	Parameter BYTE_WRITE_WIDTH_B bound to: 16 - type: integer 
	Parameter ADDR_WIDTH_B bound to: 10 - type: integer 
	Parameter READ_RESET_VALUE_B bound to: 0 - type: string 
	Parameter READ_LATENCY_B bound to: 1 - type: integer 
	Parameter WRITE_MODE_B bound to: 1 - type: integer 
	Parameter RST_MODE_B bound to: SYNC - type: string 
	Parameter P_MEMORY_PRIMITIVE bound to: block - type: string 
	Parameter P_MIN_WIDTH_DATA_A bound to: 16 - type: integer 
	Parameter P_MIN_WIDTH_DATA_B bound to: 16 - type: integer 
	Parameter P_MIN_WIDTH_DATA bound to: 16 - type: integer 
	Parameter P_MIN_WIDTH_DATA_ECC bound to: 16 - type: integer 
	Parameter P_MAX_DEPTH_DATA bound to: 1024 - type: integer 
	Parameter P_ECC_MODE bound to: no_ecc - type: string 
	Parameter P_MEMORY_OPT bound to: yes - type: string 
	Parameter P_WIDTH_COL_WRITE_A bound to: 16 - type: integer 
	Parameter P_WIDTH_COL_WRITE_B bound to: 16 - type: integer 
	Parameter P_NUM_COLS_WRITE_A bound to: 1 - type: integer 
	Parameter P_NUM_COLS_WRITE_B bound to: 1 - type: integer 
	Parameter P_NUM_ROWS_WRITE_A bound to: 1 - type: integer 
	Parameter P_NUM_ROWS_WRITE_B bound to: 1 - type: integer 
	Parameter P_NUM_ROWS_READ_A bound to: 1 - type: integer 
	Parameter P_NUM_ROWS_READ_B bound to: 1 - type: integer 
	Parameter P_WIDTH_ADDR_WRITE_A bound to: 10 - type: integer 
	Parameter P_WIDTH_ADDR_WRITE_B bound to: 10 - type: integer 
	Parameter P_WIDTH_ADDR_READ_A bound to: 10 - type: integer 
	Parameter P_WIDTH_ADDR_READ_B bound to: 10 - type: integer 
	Parameter P_WIDTH_ADDR_LSB_WRITE_A bound to: 0 - type: integer 
	Parameter P_WIDTH_ADDR_LSB_WRITE_B bound to: 0 - type: integer 
	Parameter P_WIDTH_ADDR_LSB_READ_A bound to: 0 - type: integer 
	Parameter P_WIDTH_ADDR_LSB_READ_B bound to: 0 - type: integer 
	Parameter P_ENABLE_BYTE_WRITE_A bound to: 0 - type: integer 
	Parameter P_ENABLE_BYTE_WRITE_B bound to: 0 - type: integer 
	Parameter P_SDP_WRITE_MODE bound to: yes - type: string 
	Parameter rsta_loop_iter bound to: 16 - type: integer 
	Parameter rstb_loop_iter bound to: 16 - type: integer 
	Parameter NUM_CHAR_LOC bound to: 0 - type: integer 
	Parameter MAX_NUM_CHAR bound to: 0 - type: integer 
	Parameter P_MIN_WIDTH_DATA_SHFT bound to: 16 - type: integer 
	Parameter P_MIN_WIDTH_DATA_LDW bound to: 4 - type: integer 
INFO: [Synth 8-3876] $readmem data file 'xpm_61ff96_vivado.mem' is read successfully [C:/Xilinx/Vivado/2020.1/data/ip/xpm/xpm_memory/hdl/xpm_memory.sv:1104]
INFO: [Synth 8-6155] done synthesizing module 'xpm_memory_base' (5#1) [C:/Xilinx/Vivado/2020.1/data/ip/xpm/xpm_memory/hdl/xpm_memory.sv:57]
INFO: [Synth 8-6155] done synthesizing module 'xpm_memory_sprom' (6#1) [C:/Xilinx/Vivado/2020.1/data/ip/xpm/xpm_memory/hdl/xpm_memory.sv:8727]
INFO: [Synth 8-256] done synthesizing module 'sine_generator_16bits_xlsprom' (7#1) [c:/Users/Projet/Desktop/Recherche/gallay_DACGenesys2/workspace/DACZC706/DACZC706.srcs/sources_1/ip/sine_gen_16bits/xil_defaultlib/hdl/sine_generator_16bits_entity_declarations.vhd:63]
INFO: [Synth 8-638] synthesizing module 'sine_generator_16bits_xlcounter_free' [c:/Users/Projet/Desktop/Recherche/gallay_DACGenesys2/workspace/DACZC706/DACZC706.srcs/sources_1/ip/sine_gen_16bits/xil_defaultlib/hdl/sine_generator_16bits_entity_declarations.vhd:154]
	Parameter core_name0 bound to: sine_generator_16bits_c_counter_binary_v12_0_i0 - type: string 
	Parameter op_width bound to: 10 - type: integer 
	Parameter op_arith bound to: 1 - type: integer 
INFO: [Synth 8-3491] module 'sine_generator_16bits_c_counter_binary_v12_0_i0' declared at 'c:/Users/Projet/Desktop/Recherche/gallay_DACGenesys2/workspace/DACZC706/DACZC706.srcs/sources_1/ip/sine_gen_16bits/sine_generator_16bits_c_counter_binary_v12_0_i0/synth/sine_generator_16bits_c_counter_binary_v12_0_i0.vhd:59' bound to instance 'core_instance0' of component 'sine_generator_16bits_c_counter_binary_v12_0_i0' [c:/Users/Projet/Desktop/Recherche/gallay_DACGenesys2/workspace/DACZC706/DACZC706.srcs/sources_1/ip/sine_gen_16bits/xil_defaultlib/hdl/sine_generator_16bits_entity_declarations.vhd:185]
INFO: [Synth 8-638] synthesizing module 'sine_generator_16bits_c_counter_binary_v12_0_i0' [c:/Users/Projet/Desktop/Recherche/gallay_DACGenesys2/workspace/DACZC706/DACZC706.srcs/sources_1/ip/sine_gen_16bits/sine_generator_16bits_c_counter_binary_v12_0_i0/synth/sine_generator_16bits_c_counter_binary_v12_0_i0.vhd:68]
	Parameter C_IMPLEMENTATION bound to: 0 - type: integer 
	Parameter C_VERBOSITY bound to: 0 - type: integer 
	Parameter C_XDEVICEFAMILY bound to: zynq - type: string 
	Parameter C_WIDTH bound to: 10 - type: integer 
	Parameter C_HAS_CE bound to: 1 - type: integer 
	Parameter C_HAS_SCLR bound to: 0 - type: integer 
	Parameter C_RESTRICT_COUNT bound to: 0 - type: integer 
	Parameter C_COUNT_TO bound to: 1 - type: string 
	Parameter C_COUNT_BY bound to: 1 - type: string 
	Parameter C_COUNT_MODE bound to: 0 - type: integer 
	Parameter C_THRESH0_VALUE bound to: 1 - type: string 
	Parameter C_CE_OVERRIDES_SYNC bound to: 0 - type: integer 
	Parameter C_HAS_THRESH0 bound to: 0 - type: integer 
	Parameter C_HAS_LOAD bound to: 0 - type: integer 
	Parameter C_LOAD_LOW bound to: 0 - type: integer 
	Parameter C_LATENCY bound to: 1 - type: integer 
	Parameter C_FB_LATENCY bound to: 0 - type: integer 
	Parameter C_AINIT_VAL bound to: 0 - type: string 
	Parameter C_SINIT_VAL bound to: 0 - type: string 
	Parameter C_SCLR_OVERRIDES_SSET bound to: 1 - type: integer 
	Parameter C_HAS_SSET bound to: 0 - type: integer 
	Parameter C_HAS_SINIT bound to: 1 - type: integer 
INFO: [Synth 8-3491] module 'c_counter_binary_v12_0_14' declared at 'c:/Users/Projet/Desktop/Recherche/gallay_DACGenesys2/workspace/DACZC706/DACZC706.srcs/sources_1/ip/sine_gen_16bits/sine_generator_16bits_c_counter_binary_v12_0_i0/hdl/c_counter_binary_v12_0_vh_rfs.vhd:2146' bound to instance 'U0' of component 'c_counter_binary_v12_0_14' [c:/Users/Projet/Desktop/Recherche/gallay_DACGenesys2/workspace/DACZC706/DACZC706.srcs/sources_1/ip/sine_gen_16bits/sine_generator_16bits_c_counter_binary_v12_0_i0/synth/sine_generator_16bits_c_counter_binary_v12_0_i0.vhd:127]
INFO: [Synth 8-256] done synthesizing module 'sine_generator_16bits_c_counter_binary_v12_0_i0' (15#1) [c:/Users/Projet/Desktop/Recherche/gallay_DACGenesys2/workspace/DACZC706/DACZC706.srcs/sources_1/ip/sine_gen_16bits/sine_generator_16bits_c_counter_binary_v12_0_i0/synth/sine_generator_16bits_c_counter_binary_v12_0_i0.vhd:68]
INFO: [Synth 8-256] done synthesizing module 'sine_generator_16bits_xlcounter_free' (16#1) [c:/Users/Projet/Desktop/Recherche/gallay_DACGenesys2/workspace/DACZC706/DACZC706.srcs/sources_1/ip/sine_gen_16bits/xil_defaultlib/hdl/sine_generator_16bits_entity_declarations.vhd:154]
INFO: [Synth 8-256] done synthesizing module 'sine_generator_16bits_struct' (17#1) [c:/Users/Projet/Desktop/Recherche/gallay_DACGenesys2/workspace/DACZC706/DACZC706.srcs/sources_1/ip/sine_gen_16bits/xil_defaultlib/hdl/sine_generator_16bits.vhd:13]
INFO: [Synth 8-256] done synthesizing module 'sine_generator_16bits' (18#1) [c:/Users/Projet/Desktop/Recherche/gallay_DACGenesys2/workspace/DACZC706/DACZC706.srcs/sources_1/ip/sine_gen_16bits/xil_defaultlib/hdl/sine_generator_16bits.vhd:95]
INFO: [Synth 8-256] done synthesizing module 'sine_gen_16bits' (19#1) [c:/Users/Projet/Desktop/Recherche/gallay_DACGenesys2/workspace/DACZC706/DACZC706.srcs/sources_1/ip/sine_gen_16bits/synth/sine_gen_16bits.vhd:66]
---------------------------------------------------------------------------------
Finished RTL Elaboration : Time (s): cpu = 00:00:07 ; elapsed = 00:00:07 . Memory (MB): peak = 1458.582 ; gain = 312.691
---------------------------------------------------------------------------------
---------------------------------------------------------------------------------
Start Handling Custom Attributes
---------------------------------------------------------------------------------
---------------------------------------------------------------------------------
Finished Handling Custom Attributes : Time (s): cpu = 00:00:07 ; elapsed = 00:00:08 . Memory (MB): peak = 1458.582 ; gain = 312.691
---------------------------------------------------------------------------------
---------------------------------------------------------------------------------
Finished RTL Optimization Phase 1 : Time (s): cpu = 00:00:07 ; elapsed = 00:00:08 . Memory (MB): peak = 1458.582 ; gain = 312.691
---------------------------------------------------------------------------------
Netlist sorting complete. Time (s): cpu = 00:00:00 ; elapsed = 00:00:00.002 . Memory (MB): peak = 1458.582 ; gain = 0.000
INFO: [Netlist 29-17] Analyzing 19 Unisim elements for replacement
INFO: [Netlist 29-28] Unisim Transformation completed in 0 CPU seconds
INFO: [Project 1-570] Preparing netlist for logic optimization

Processing XDC Constraints
Initializing timing engine
Parsing XDC File [c:/Users/Projet/Desktop/Recherche/gallay_DACGenesys2/workspace/DACZC706/DACZC706.srcs/sources_1/ip/sine_gen_16bits/constrs/sine_generator_16bits.xdc] for cell 'U0'
Finished Parsing XDC File [c:/Users/Projet/Desktop/Recherche/gallay_DACGenesys2/workspace/DACZC706/DACZC706.srcs/sources_1/ip/sine_gen_16bits/constrs/sine_generator_16bits.xdc] for cell 'U0'
Parsing XDC File [C:/Users/Projet/Desktop/Recherche/gallay_DACGenesys2/workspace/DACZC706/DACZC706.runs/sine_gen_16bits_synth_1/dont_touch.xdc]
Finished Parsing XDC File [C:/Users/Projet/Desktop/Recherche/gallay_DACGenesys2/workspace/DACZC706/DACZC706.runs/sine_gen_16bits_synth_1/dont_touch.xdc]
Completed Processing XDC Constraints

Netlist sorting complete. Time (s): cpu = 00:00:00 ; elapsed = 00:00:00 . Memory (MB): peak = 1544.656 ; gain = 0.000
INFO: [Project 1-111] Unisim Transformation Summary:
No Unisim elements were transformed.

Constraint Validation Runtime : Time (s): cpu = 00:00:00 ; elapsed = 00:00:00.020 . Memory (MB): peak = 1547.258 ; gain = 2.602
---------------------------------------------------------------------------------
Finished Constraint Validation : Time (s): cpu = 00:00:13 ; elapsed = 00:00:14 . Memory (MB): peak = 1547.258 ; gain = 401.367
---------------------------------------------------------------------------------
---------------------------------------------------------------------------------
Start Loading Part and Timing Information
---------------------------------------------------------------------------------
Loading part: xc7z045ffg900-2
---------------------------------------------------------------------------------
Finished Loading Part and Timing Information : Time (s): cpu = 00:00:13 ; elapsed = 00:00:14 . Memory (MB): peak = 1547.258 ; gain = 401.367
---------------------------------------------------------------------------------
---------------------------------------------------------------------------------
Start Applying 'set_property' XDC Constraints
---------------------------------------------------------------------------------
Applied set_property DONT_TOUCH = true for U0. (constraint file  C:/Users/Projet/Desktop/Recherche/gallay_DACGenesys2/workspace/DACZC706/DACZC706.runs/sine_gen_16bits_synth_1/dont_touch.xdc, line 12).
Applied set_property DONT_TOUCH = true for U0/sine_generator_16bits_struct/counter/\comp0.core_instance0 . (constraint file  auto generated constraint, line ).
---------------------------------------------------------------------------------
Finished applying 'set_property' XDC Constraints : Time (s): cpu = 00:00:13 ; elapsed = 00:00:14 . Memory (MB): peak = 1547.258 ; gain = 401.367
---------------------------------------------------------------------------------
---------------------------------------------------------------------------------
Finished RTL Optimization Phase 2 : Time (s): cpu = 00:00:14 ; elapsed = 00:00:14 . Memory (MB): peak = 1547.258 ; gain = 401.367
---------------------------------------------------------------------------------
---------------------------------------------------------------------------------
Start RTL Component Statistics 
---------------------------------------------------------------------------------
---------------------------------------------------------------------------------
Finished RTL Component Statistics 
---------------------------------------------------------------------------------
---------------------------------------------------------------------------------
Start Part Resource Summary
---------------------------------------------------------------------------------
Part Resources:
DSPs: 900 (col length:140)
BRAMs: 1090 (col length: RAMB18 140 RAMB36 70)
---------------------------------------------------------------------------------
Finished Part Resource Summary
---------------------------------------------------------------------------------
---------------------------------------------------------------------------------
Start Cross Boundary and Area Optimization
---------------------------------------------------------------------------------
---------------------------------------------------------------------------------
Finished Cross Boundary and Area Optimization : Time (s): cpu = 00:00:15 ; elapsed = 00:00:16 . Memory (MB): peak = 1547.258 ; gain = 401.367
---------------------------------------------------------------------------------
---------------------------------------------------------------------------------
Start Applying XDC Timing Constraints
---------------------------------------------------------------------------------
---------------------------------------------------------------------------------
Finished Applying XDC Timing Constraints : Time (s): cpu = 00:00:22 ; elapsed = 00:00:23 . Memory (MB): peak = 1547.258 ; gain = 401.367
---------------------------------------------------------------------------------
---------------------------------------------------------------------------------
Start Timing Optimization
---------------------------------------------------------------------------------
---------------------------------------------------------------------------------
Finished Timing Optimization : Time (s): cpu = 00:00:22 ; elapsed = 00:00:23 . Memory (MB): peak = 1547.258 ; gain = 401.367
---------------------------------------------------------------------------------
---------------------------------------------------------------------------------
Start Technology Mapping
---------------------------------------------------------------------------------
INFO: [Synth 8-7052] The timing for the instance U0/sine_generator_16bits_struct/rom/xpm_memory_sprom_inst/xpm_memory_base_inst/gen_rd_a.douta_reg_reg (implemented as a Block RAM) might be sub-optimal as no optional output register could be merged into the ram block. Providing additional output register may help in improving timing.
---------------------------------------------------------------------------------
Finished Technology Mapping : Time (s): cpu = 00:00:22 ; elapsed = 00:00:23 . Memory (MB): peak = 1551.359 ; gain = 405.469
---------------------------------------------------------------------------------
---------------------------------------------------------------------------------
Start IO Insertion
---------------------------------------------------------------------------------
---------------------------------------------------------------------------------
Start Flattening Before IO Insertion
---------------------------------------------------------------------------------
---------------------------------------------------------------------------------
Finished Flattening Before IO Insertion
---------------------------------------------------------------------------------
---------------------------------------------------------------------------------
Start Final Netlist Cleanup
---------------------------------------------------------------------------------
---------------------------------------------------------------------------------
Finished Final Netlist Cleanup
---------------------------------------------------------------------------------
---------------------------------------------------------------------------------
Finished IO Insertion : Time (s): cpu = 00:00:26 ; elapsed = 00:00:27 . Memory (MB): peak = 1557.117 ; gain = 411.227
---------------------------------------------------------------------------------
---------------------------------------------------------------------------------
Start Renaming Generated Instances
---------------------------------------------------------------------------------
---------------------------------------------------------------------------------
Finished Renaming Generated Instances : Time (s): cpu = 00:00:26 ; elapsed = 00:00:27 . Memory (MB): peak = 1557.117 ; gain = 411.227
---------------------------------------------------------------------------------
---------------------------------------------------------------------------------
Start Rebuilding User Hierarchy
---------------------------------------------------------------------------------
---------------------------------------------------------------------------------
Finished Rebuilding User Hierarchy : Time (s): cpu = 00:00:26 ; elapsed = 00:00:27 . Memory (MB): peak = 1557.117 ; gain = 411.227
---------------------------------------------------------------------------------
---------------------------------------------------------------------------------
Start Renaming Generated Ports
---------------------------------------------------------------------------------
---------------------------------------------------------------------------------
Finished Renaming Generated Ports : Time (s): cpu = 00:00:26 ; elapsed = 00:00:27 . Memory (MB): peak = 1557.117 ; gain = 411.227
---------------------------------------------------------------------------------
---------------------------------------------------------------------------------
Start Handling Custom Attributes
---------------------------------------------------------------------------------
---------------------------------------------------------------------------------
Finished Handling Custom Attributes : Time (s): cpu = 00:00:26 ; elapsed = 00:00:27 . Memory (MB): peak = 1557.117 ; gain = 411.227
---------------------------------------------------------------------------------
---------------------------------------------------------------------------------
Start Renaming Generated Nets
---------------------------------------------------------------------------------
---------------------------------------------------------------------------------
Finished Renaming Generated Nets : Time (s): cpu = 00:00:26 ; elapsed = 00:00:27 . Memory (MB): peak = 1557.117 ; gain = 411.227
---------------------------------------------------------------------------------
---------------------------------------------------------------------------------
Start Writing Synthesis Report
---------------------------------------------------------------------------------

Report BlackBoxes: 
+-+--------------+----------+
| |BlackBox name |Instances |
+-+--------------+----------+
+-+--------------+----------+

Report Cell Usage: 
+------+---------+------+
|      |Cell     |Count |
+------+---------+------+
|1     |LUT1     |     1|
|2     |MUXCY    |     9|
|3     |RAMB18E1 |     1|
|4     |XORCY    |    10|
|5     |FDRE     |    10|
+------+---------+------+
---------------------------------------------------------------------------------
Finished Writing Synthesis Report : Time (s): cpu = 00:00:26 ; elapsed = 00:00:27 . Memory (MB): peak = 1557.117 ; gain = 411.227
---------------------------------------------------------------------------------
Synthesis finished with 0 errors, 0 critical warnings and 0 warnings.
Synthesis Optimization Runtime : Time (s): cpu = 00:00:17 ; elapsed = 00:00:25 . Memory (MB): peak = 1557.117 ; gain = 322.551
Synthesis Optimization Complete : Time (s): cpu = 00:00:26 ; elapsed = 00:00:27 . Memory (MB): peak = 1557.117 ; gain = 411.227
INFO: [Project 1-571] Translating synthesized netlist
Netlist sorting complete. Time (s): cpu = 00:00:00 ; elapsed = 00:00:00.001 . Memory (MB): peak = 1557.117 ; gain = 0.000
INFO: [Netlist 29-17] Analyzing 20 Unisim elements for replacement
INFO: [Netlist 29-28] Unisim Transformation completed in 0 CPU seconds
INFO: [Project 1-570] Preparing netlist for logic optimization
INFO: [Opt 31-138] Pushed 0 inverter(s) to 0 load pin(s).
Netlist sorting complete. Time (s): cpu = 00:00:00 ; elapsed = 00:00:00 . Memory (MB): peak = 1579.828 ; gain = 0.000
INFO: [Project 1-111] Unisim Transformation Summary:
  A total of 3 instances were transformed.
  (MUXCY,XORCY) => CARRY4: 3 instances

INFO: [Common 17-83] Releasing license: Synthesis
52 Infos, 1 Warnings, 0 Critical Warnings and 0 Errors encountered.
synth_design completed successfully
synth_design: Time (s): cpu = 00:00:32 ; elapsed = 00:00:46 . Memory (MB): peak = 1579.828 ; gain = 505.969
INFO: [Common 17-1381] The checkpoint 'C:/Users/Projet/Desktop/Recherche/gallay_DACGenesys2/workspace/DACZC706/DACZC706.runs/sine_gen_16bits_synth_1/sine_gen_16bits.dcp' has been generated.
WARNING: [Common 17-576] 'use_project_ipc' is deprecated. This option is deprecated and no longer used.
INFO: [Coretcl 2-1648] Added synthesis output to IP cache for IP sine_gen_16bits, cache-ID = 8233a1254eaf2c84
INFO: [Coretcl 2-1174] Renamed 14 cell refs.
INFO: [Common 17-1381] The checkpoint 'C:/Users/Projet/Desktop/Recherche/gallay_DACGenesys2/workspace/DACZC706/DACZC706.runs/sine_gen_16bits_synth_1/sine_gen_16bits.dcp' has been generated.
INFO: [runtcl-4] Executing : report_utilization -file sine_gen_16bits_utilization_synth.rpt -pb sine_gen_16bits_utilization_synth.pb
INFO: [Common 17-206] Exiting Vivado at Sat Jun 19 12:45:36 2021...
