
*** Running vivado
    with args -log dac_toplevel.vds -m64 -product Vivado -mode batch -messageDb vivado.pb -notrace -source dac_toplevel.tcl



****** Vivado v2020.1 (64-bit)
  **** SW Build 2902540 on Wed May 27 19:54:49 MDT 2020
  **** IP Build 2902112 on Wed May 27 22:43:36 MDT 2020
    ** Copyright 1986-2020 Xilinx, Inc. All Rights Reserved.

source dac_toplevel.tcl -notrace
INFO: [IP_Flow 19-234] Refreshing IP repositories
INFO: [IP_Flow 19-1700] Loaded user IP repository 'c:/Users/Projet/Desktop/Recherche/custom_ips/sine_generator_16bits/ip'.
INFO: [IP_Flow 19-1700] Loaded user IP repository 'c:/Users/Projet/Desktop/Recherche/custom_ips/hossein_design_itp'.
INFO: [IP_Flow 19-1700] Loaded user IP repository 'c:/Users/Projet/Desktop/Recherche/custom_ips/hossein_design_itp_phaseA'.
INFO: [IP_Flow 19-1700] Loaded user IP repository 'c:/Users/Projet/Desktop/Recherche/custom_ips/example_ip'.
INFO: [IP_Flow 19-1700] Loaded user IP repository 'c:/Users/Projet/Desktop/Recherche/custom_ips/hossein_design_itp_phaseA_v2'.
INFO: [IP_Flow 19-1700] Loaded user IP repository 'c:/Users/Projet/Desktop/Recherche/custom_ips/hossein_design_itp_3phases_200khz'.
INFO: [IP_Flow 19-1700] Loaded user IP repository 'c:/Users/Projet/Desktop/Recherche/custom_ips/hossein_design_itp_3phases_220khz'.
INFO: [IP_Flow 19-1700] Loaded user IP repository 'c:/Users/Projet/Desktop/Recherche/custom_ips/hossein_second_case'.
INFO: [IP_Flow 19-2313] Loaded Vivado IP repository 'C:/Xilinx/Vivado/2020.1/data/ip'.
WARNING: [IP_Flow 19-1663] Duplicate IP found for 'User_Company:SysGen:fpga_model:1.0'. The one found in IP location 'c:/Users/Projet/Desktop/Recherche/custom_ips/hossein_design_itp_3phases_220khz/ip' will take precedence over the same IP in locations: 
   c:/Users/Projet/Desktop/Recherche/custom_ips/hossein_design_itp/ip
   c:/Users/Projet/Desktop/Recherche/custom_ips/hossein_design_itp_phaseA/ip
   c:/Users/Projet/Desktop/Recherche/custom_ips/hossein_design_itp_phaseA_v2/ip
   c:/Users/Projet/Desktop/Recherche/custom_ips/hossein_design_itp_3phases_200khz/ip
WARNING: [IP_Flow 19-4995] The host OS only allows 260 characters in a normal path. The IP cache path is more than 80 characters. If you experience issues with IP caching, please consider changing the IP cache to a location with a shorter path. Alternately consider using the OS subst command to map part of the path to a drive letter. 
Current IP cache path is c:/Users/Projet/Desktop/Recherche/gallay_DACGenesys2/workspace/DACZC706/DACZC706.cache/ip 
Command: synth_design -top dac_toplevel -part xc7z045ffg900-2
Starting synth_design
INFO: [IP_Flow 19-2162] IP 'fpga_model_0' is locked:
* IP definition 'fpga_model (1.0)' for IP 'fpga_model_0' (customized with software release 2020.1) has a different revision in the IP Catalog.
INFO: [IP_Flow 19-2162] IP 'fpga_model_phaseA' is locked:
* IP definition 'fpga_model (1.0)' for IP 'fpga_model_phaseA' (customized with software release 2020.1) has a different revision in the IP Catalog.
INFO: [IP_Flow 19-2162] IP 'fpga_model_v2' is locked:
* IP definition 'fpga_model (1.0)' for IP 'fpga_model_v2' (customized with software release 2020.1) has a different revision in the IP Catalog.
INFO: [IP_Flow 19-2162] IP 'model_triphases_200khz' is locked:
* IP definition 'fpga_model (1.0)' for IP 'model_triphases_200khz' (customized with software release 2020.1) has a different revision in the IP Catalog.
Attempting to get a license for feature 'Synthesis' and/or device 'xc7z045'
INFO: [Common 17-349] Got license for feature 'Synthesis' and/or device 'xc7z045'
INFO: [Device 21-403] Loading part xc7z045ffg900-2
INFO: [Synth 8-7079] Multithreading enabled for synth_design using a maximum of 2 processes.
INFO: [Synth 8-7078] Launching helper process for spawning children vivado processes
INFO: [Synth 8-7075] Helper process launched with PID 14048
---------------------------------------------------------------------------------
Starting RTL Elaboration : Time (s): cpu = 00:00:03 ; elapsed = 00:00:04 . Memory (MB): peak = 1416.613 ; gain = 245.285
---------------------------------------------------------------------------------
INFO: [Synth 8-638] synthesizing module 'dac_toplevel' [C:/Users/Projet/Desktop/Recherche/gallay_DACGenesys2/workspace/DACZC706/DACZC706.srcs/sources_1/new/dac_toplevel.vhd:56]
	Parameter CAPACITANCE bound to: DONT_CARE - type: string 
	Parameter DIFF_TERM bound to: 0 - type: bool 
	Parameter DQS_BIAS bound to: FALSE - type: string 
	Parameter IBUF_DELAY_VALUE bound to: 0 - type: string 
	Parameter IBUF_LOW_PWR bound to: 1 - type: bool 
	Parameter IFD_DELAY_VALUE bound to: AUTO - type: string 
	Parameter IOSTANDARD bound to: DEFAULT - type: string 
INFO: [Synth 8-113] binding component instance 'IBUFDS_clk' to cell 'IBUFDS' [C:/Users/Projet/Desktop/Recherche/gallay_DACGenesys2/workspace/DACZC706/DACZC706.srcs/sources_1/new/dac_toplevel.vhd:352]
INFO: [Synth 8-3491] module 'dac3484_interface_module' declared at 'C:/Users/Projet/Desktop/Recherche/gallay_DACGenesys2/workspace/DACZC706/DACZC706.srcs/sources_1/new/dac3484_interface_module.vhd:19' bound to instance 'DAC_INTERFACE' of component 'dac3484_interface_module' [C:/Users/Projet/Desktop/Recherche/gallay_DACGenesys2/workspace/DACZC706/DACZC706.srcs/sources_1/new/dac_toplevel.vhd:360]
INFO: [Synth 8-638] synthesizing module 'dac3484_interface_module' [C:/Users/Projet/Desktop/Recherche/gallay_DACGenesys2/workspace/DACZC706/DACZC706.srcs/sources_1/new/dac3484_interface_module.vhd:59]
	Parameter CAPACITANCE bound to: DONT_CARE - type: string 
	Parameter DIFF_TERM bound to: 0 - type: bool 
	Parameter DQS_BIAS bound to: FALSE - type: string 
	Parameter IBUF_DELAY_VALUE bound to: 0 - type: string 
	Parameter IBUF_LOW_PWR bound to: 1 - type: bool 
	Parameter IFD_DELAY_VALUE bound to: AUTO - type: string 
	Parameter IOSTANDARD bound to: DEFAULT - type: string 
INFO: [Synth 8-113] binding component instance 'IBUFDS_clk' to cell 'IBUFDS' [C:/Users/Projet/Desktop/Recherche/gallay_DACGenesys2/workspace/DACZC706/DACZC706.srcs/sources_1/new/dac3484_interface_module.vhd:74]
	Parameter CAPACITANCE bound to: DONT_CARE - type: string 
	Parameter IOSTANDARD bound to: DEFAULT - type: string 
	Parameter SLEW bound to: SLOW - type: string 
INFO: [Synth 8-113] binding component instance 'OBUFDS_INST' to cell 'OBUFDS' [C:/Users/Projet/Desktop/Recherche/gallay_DACGenesys2/workspace/DACZC706/DACZC706.srcs/sources_1/new/dac3484_interface_module.vhd:85]
	Parameter CAPACITANCE bound to: DONT_CARE - type: string 
	Parameter IOSTANDARD bound to: DEFAULT - type: string 
	Parameter SLEW bound to: SLOW - type: string 
INFO: [Synth 8-113] binding component instance 'OBUFDS_INST' to cell 'OBUFDS' [C:/Users/Projet/Desktop/Recherche/gallay_DACGenesys2/workspace/DACZC706/DACZC706.srcs/sources_1/new/dac3484_interface_module.vhd:85]
	Parameter CAPACITANCE bound to: DONT_CARE - type: string 
	Parameter IOSTANDARD bound to: DEFAULT - type: string 
	Parameter SLEW bound to: SLOW - type: string 
INFO: [Synth 8-113] binding component instance 'OBUFDS_INST' to cell 'OBUFDS' [C:/Users/Projet/Desktop/Recherche/gallay_DACGenesys2/workspace/DACZC706/DACZC706.srcs/sources_1/new/dac3484_interface_module.vhd:85]
	Parameter CAPACITANCE bound to: DONT_CARE - type: string 
	Parameter IOSTANDARD bound to: DEFAULT - type: string 
	Parameter SLEW bound to: SLOW - type: string 
INFO: [Synth 8-113] binding component instance 'OBUFDS_INST' to cell 'OBUFDS' [C:/Users/Projet/Desktop/Recherche/gallay_DACGenesys2/workspace/DACZC706/DACZC706.srcs/sources_1/new/dac3484_interface_module.vhd:85]
	Parameter CAPACITANCE bound to: DONT_CARE - type: string 
	Parameter IOSTANDARD bound to: DEFAULT - type: string 
	Parameter SLEW bound to: SLOW - type: string 
INFO: [Synth 8-113] binding component instance 'OBUFDS_INST' to cell 'OBUFDS' [C:/Users/Projet/Desktop/Recherche/gallay_DACGenesys2/workspace/DACZC706/DACZC706.srcs/sources_1/new/dac3484_interface_module.vhd:85]
	Parameter CAPACITANCE bound to: DONT_CARE - type: string 
	Parameter IOSTANDARD bound to: DEFAULT - type: string 
	Parameter SLEW bound to: SLOW - type: string 
INFO: [Synth 8-113] binding component instance 'OBUFDS_INST' to cell 'OBUFDS' [C:/Users/Projet/Desktop/Recherche/gallay_DACGenesys2/workspace/DACZC706/DACZC706.srcs/sources_1/new/dac3484_interface_module.vhd:85]
	Parameter CAPACITANCE bound to: DONT_CARE - type: string 
	Parameter IOSTANDARD bound to: DEFAULT - type: string 
	Parameter SLEW bound to: SLOW - type: string 
INFO: [Synth 8-113] binding component instance 'OBUFDS_INST' to cell 'OBUFDS' [C:/Users/Projet/Desktop/Recherche/gallay_DACGenesys2/workspace/DACZC706/DACZC706.srcs/sources_1/new/dac3484_interface_module.vhd:85]
	Parameter CAPACITANCE bound to: DONT_CARE - type: string 
	Parameter IOSTANDARD bound to: DEFAULT - type: string 
	Parameter SLEW bound to: SLOW - type: string 
INFO: [Synth 8-113] binding component instance 'OBUFDS_INST' to cell 'OBUFDS' [C:/Users/Projet/Desktop/Recherche/gallay_DACGenesys2/workspace/DACZC706/DACZC706.srcs/sources_1/new/dac3484_interface_module.vhd:85]
	Parameter CAPACITANCE bound to: DONT_CARE - type: string 
	Parameter IOSTANDARD bound to: DEFAULT - type: string 
	Parameter SLEW bound to: SLOW - type: string 
INFO: [Synth 8-113] binding component instance 'OBUFDS_INST' to cell 'OBUFDS' [C:/Users/Projet/Desktop/Recherche/gallay_DACGenesys2/workspace/DACZC706/DACZC706.srcs/sources_1/new/dac3484_interface_module.vhd:85]
	Parameter CAPACITANCE bound to: DONT_CARE - type: string 
	Parameter IOSTANDARD bound to: DEFAULT - type: string 
	Parameter SLEW bound to: SLOW - type: string 
INFO: [Synth 8-113] binding component instance 'OBUFDS_INST' to cell 'OBUFDS' [C:/Users/Projet/Desktop/Recherche/gallay_DACGenesys2/workspace/DACZC706/DACZC706.srcs/sources_1/new/dac3484_interface_module.vhd:85]
	Parameter CAPACITANCE bound to: DONT_CARE - type: string 
	Parameter IOSTANDARD bound to: DEFAULT - type: string 
	Parameter SLEW bound to: SLOW - type: string 
INFO: [Synth 8-113] binding component instance 'OBUFDS_INST' to cell 'OBUFDS' [C:/Users/Projet/Desktop/Recherche/gallay_DACGenesys2/workspace/DACZC706/DACZC706.srcs/sources_1/new/dac3484_interface_module.vhd:85]
	Parameter CAPACITANCE bound to: DONT_CARE - type: string 
	Parameter IOSTANDARD bound to: DEFAULT - type: string 
	Parameter SLEW bound to: SLOW - type: string 
INFO: [Synth 8-113] binding component instance 'OBUFDS_INST' to cell 'OBUFDS' [C:/Users/Projet/Desktop/Recherche/gallay_DACGenesys2/workspace/DACZC706/DACZC706.srcs/sources_1/new/dac3484_interface_module.vhd:85]
	Parameter CAPACITANCE bound to: DONT_CARE - type: string 
	Parameter IOSTANDARD bound to: DEFAULT - type: string 
	Parameter SLEW bound to: SLOW - type: string 
INFO: [Synth 8-113] binding component instance 'OBUFDS_INST' to cell 'OBUFDS' [C:/Users/Projet/Desktop/Recherche/gallay_DACGenesys2/workspace/DACZC706/DACZC706.srcs/sources_1/new/dac3484_interface_module.vhd:85]
	Parameter CAPACITANCE bound to: DONT_CARE - type: string 
	Parameter IOSTANDARD bound to: DEFAULT - type: string 
	Parameter SLEW bound to: SLOW - type: string 
INFO: [Synth 8-113] binding component instance 'OBUFDS_INST' to cell 'OBUFDS' [C:/Users/Projet/Desktop/Recherche/gallay_DACGenesys2/workspace/DACZC706/DACZC706.srcs/sources_1/new/dac3484_interface_module.vhd:85]
	Parameter CAPACITANCE bound to: DONT_CARE - type: string 
	Parameter IOSTANDARD bound to: DEFAULT - type: string 
	Parameter SLEW bound to: SLOW - type: string 
INFO: [Synth 8-113] binding component instance 'OBUFDS_INST' to cell 'OBUFDS' [C:/Users/Projet/Desktop/Recherche/gallay_DACGenesys2/workspace/DACZC706/DACZC706.srcs/sources_1/new/dac3484_interface_module.vhd:85]
	Parameter CAPACITANCE bound to: DONT_CARE - type: string 
	Parameter IOSTANDARD bound to: DEFAULT - type: string 
	Parameter SLEW bound to: SLOW - type: string 
INFO: [Synth 8-113] binding component instance 'OBUFDS_INST' to cell 'OBUFDS' [C:/Users/Projet/Desktop/Recherche/gallay_DACGenesys2/workspace/DACZC706/DACZC706.srcs/sources_1/new/dac3484_interface_module.vhd:85]
	Parameter CAPACITANCE bound to: DONT_CARE - type: string 
	Parameter IOSTANDARD bound to: DEFAULT - type: string 
	Parameter SLEW bound to: SLOW - type: string 
INFO: [Synth 8-113] binding component instance 'OBUFDS_DATACLK' to cell 'OBUFDS' [C:/Users/Projet/Desktop/Recherche/gallay_DACGenesys2/workspace/DACZC706/DACZC706.srcs/sources_1/new/dac3484_interface_module.vhd:95]
	Parameter CAPACITANCE bound to: DONT_CARE - type: string 
	Parameter IOSTANDARD bound to: DEFAULT - type: string 
	Parameter SLEW bound to: SLOW - type: string 
INFO: [Synth 8-113] binding component instance 'OBUFDS_SYNC' to cell 'OBUFDS' [C:/Users/Projet/Desktop/Recherche/gallay_DACGenesys2/workspace/DACZC706/DACZC706.srcs/sources_1/new/dac3484_interface_module.vhd:104]
	Parameter DDR_CLK_EDGE bound to: OPPOSITE_EDGE - type: string 
	Parameter INIT bound to: 1'b0 
	Parameter IS_C_INVERTED bound to: 1'b0 
	Parameter IS_D1_INVERTED bound to: 1'b0 
	Parameter IS_D2_INVERTED bound to: 1'b0 
	Parameter SRTYPE bound to: SYNC - type: string 
INFO: [Synth 8-113] binding component instance 'ODDR_inst' to cell 'ODDR' [C:/Users/Projet/Desktop/Recherche/gallay_DACGenesys2/workspace/DACZC706/DACZC706.srcs/sources_1/new/dac3484_interface_module.vhd:114]
	Parameter DDR_CLK_EDGE bound to: OPPOSITE_EDGE - type: string 
	Parameter INIT bound to: 1'b0 
	Parameter IS_C_INVERTED bound to: 1'b0 
	Parameter IS_D1_INVERTED bound to: 1'b0 
	Parameter IS_D2_INVERTED bound to: 1'b0 
	Parameter SRTYPE bound to: SYNC - type: string 
INFO: [Synth 8-113] binding component instance 'ODDR_inst' to cell 'ODDR' [C:/Users/Projet/Desktop/Recherche/gallay_DACGenesys2/workspace/DACZC706/DACZC706.srcs/sources_1/new/dac3484_interface_module.vhd:114]
	Parameter DDR_CLK_EDGE bound to: OPPOSITE_EDGE - type: string 
	Parameter INIT bound to: 1'b0 
	Parameter IS_C_INVERTED bound to: 1'b0 
	Parameter IS_D1_INVERTED bound to: 1'b0 
	Parameter IS_D2_INVERTED bound to: 1'b0 
	Parameter SRTYPE bound to: SYNC - type: string 
INFO: [Synth 8-113] binding component instance 'ODDR_inst' to cell 'ODDR' [C:/Users/Projet/Desktop/Recherche/gallay_DACGenesys2/workspace/DACZC706/DACZC706.srcs/sources_1/new/dac3484_interface_module.vhd:114]
	Parameter DDR_CLK_EDGE bound to: OPPOSITE_EDGE - type: string 
	Parameter INIT bound to: 1'b0 
	Parameter IS_C_INVERTED bound to: 1'b0 
	Parameter IS_D1_INVERTED bound to: 1'b0 
	Parameter IS_D2_INVERTED bound to: 1'b0 
	Parameter SRTYPE bound to: SYNC - type: string 
INFO: [Synth 8-113] binding component instance 'ODDR_inst' to cell 'ODDR' [C:/Users/Projet/Desktop/Recherche/gallay_DACGenesys2/workspace/DACZC706/DACZC706.srcs/sources_1/new/dac3484_interface_module.vhd:114]
	Parameter DDR_CLK_EDGE bound to: OPPOSITE_EDGE - type: string 
	Parameter INIT bound to: 1'b0 
	Parameter IS_C_INVERTED bound to: 1'b0 
	Parameter IS_D1_INVERTED bound to: 1'b0 
	Parameter IS_D2_INVERTED bound to: 1'b0 
	Parameter SRTYPE bound to: SYNC - type: string 
INFO: [Synth 8-113] binding component instance 'ODDR_inst' to cell 'ODDR' [C:/Users/Projet/Desktop/Recherche/gallay_DACGenesys2/workspace/DACZC706/DACZC706.srcs/sources_1/new/dac3484_interface_module.vhd:114]
	Parameter DDR_CLK_EDGE bound to: OPPOSITE_EDGE - type: string 
	Parameter INIT bound to: 1'b0 
	Parameter IS_C_INVERTED bound to: 1'b0 
	Parameter IS_D1_INVERTED bound to: 1'b0 
	Parameter IS_D2_INVERTED bound to: 1'b0 
	Parameter SRTYPE bound to: SYNC - type: string 
INFO: [Synth 8-113] binding component instance 'ODDR_inst' to cell 'ODDR' [C:/Users/Projet/Desktop/Recherche/gallay_DACGenesys2/workspace/DACZC706/DACZC706.srcs/sources_1/new/dac3484_interface_module.vhd:114]
	Parameter DDR_CLK_EDGE bound to: OPPOSITE_EDGE - type: string 
	Parameter INIT bound to: 1'b0 
	Parameter IS_C_INVERTED bound to: 1'b0 
	Parameter IS_D1_INVERTED bound to: 1'b0 
	Parameter IS_D2_INVERTED bound to: 1'b0 
	Parameter SRTYPE bound to: SYNC - type: string 
INFO: [Synth 8-113] binding component instance 'ODDR_inst' to cell 'ODDR' [C:/Users/Projet/Desktop/Recherche/gallay_DACGenesys2/workspace/DACZC706/DACZC706.srcs/sources_1/new/dac3484_interface_module.vhd:114]
	Parameter DDR_CLK_EDGE bound to: OPPOSITE_EDGE - type: string 
	Parameter INIT bound to: 1'b0 
	Parameter IS_C_INVERTED bound to: 1'b0 
	Parameter IS_D1_INVERTED bound to: 1'b0 
	Parameter IS_D2_INVERTED bound to: 1'b0 
	Parameter SRTYPE bound to: SYNC - type: string 
INFO: [Synth 8-113] binding component instance 'ODDR_inst' to cell 'ODDR' [C:/Users/Projet/Desktop/Recherche/gallay_DACGenesys2/workspace/DACZC706/DACZC706.srcs/sources_1/new/dac3484_interface_module.vhd:114]
	Parameter DDR_CLK_EDGE bound to: OPPOSITE_EDGE - type: string 
	Parameter INIT bound to: 1'b0 
	Parameter IS_C_INVERTED bound to: 1'b0 
	Parameter IS_D1_INVERTED bound to: 1'b0 
	Parameter IS_D2_INVERTED bound to: 1'b0 
	Parameter SRTYPE bound to: SYNC - type: string 
INFO: [Synth 8-113] binding component instance 'ODDR_inst' to cell 'ODDR' [C:/Users/Projet/Desktop/Recherche/gallay_DACGenesys2/workspace/DACZC706/DACZC706.srcs/sources_1/new/dac3484_interface_module.vhd:114]
	Parameter DDR_CLK_EDGE bound to: OPPOSITE_EDGE - type: string 
	Parameter INIT bound to: 1'b0 
	Parameter IS_C_INVERTED bound to: 1'b0 
	Parameter IS_D1_INVERTED bound to: 1'b0 
	Parameter IS_D2_INVERTED bound to: 1'b0 
	Parameter SRTYPE bound to: SYNC - type: string 
INFO: [Synth 8-113] binding component instance 'ODDR_inst' to cell 'ODDR' [C:/Users/Projet/Desktop/Recherche/gallay_DACGenesys2/workspace/DACZC706/DACZC706.srcs/sources_1/new/dac3484_interface_module.vhd:114]
	Parameter DDR_CLK_EDGE bound to: OPPOSITE_EDGE - type: string 
	Parameter INIT bound to: 1'b0 
	Parameter IS_C_INVERTED bound to: 1'b0 
	Parameter IS_D1_INVERTED bound to: 1'b0 
	Parameter IS_D2_INVERTED bound to: 1'b0 
	Parameter SRTYPE bound to: SYNC - type: string 
INFO: [Synth 8-113] binding component instance 'ODDR_inst' to cell 'ODDR' [C:/Users/Projet/Desktop/Recherche/gallay_DACGenesys2/workspace/DACZC706/DACZC706.srcs/sources_1/new/dac3484_interface_module.vhd:114]
	Parameter DDR_CLK_EDGE bound to: OPPOSITE_EDGE - type: string 
	Parameter INIT bound to: 1'b0 
	Parameter IS_C_INVERTED bound to: 1'b0 
	Parameter IS_D1_INVERTED bound to: 1'b0 
	Parameter IS_D2_INVERTED bound to: 1'b0 
	Parameter SRTYPE bound to: SYNC - type: string 
INFO: [Synth 8-113] binding component instance 'ODDR_inst' to cell 'ODDR' [C:/Users/Projet/Desktop/Recherche/gallay_DACGenesys2/workspace/DACZC706/DACZC706.srcs/sources_1/new/dac3484_interface_module.vhd:114]
	Parameter DDR_CLK_EDGE bound to: OPPOSITE_EDGE - type: string 
	Parameter INIT bound to: 1'b0 
	Parameter IS_C_INVERTED bound to: 1'b0 
	Parameter IS_D1_INVERTED bound to: 1'b0 
	Parameter IS_D2_INVERTED bound to: 1'b0 
	Parameter SRTYPE bound to: SYNC - type: string 
INFO: [Synth 8-113] binding component instance 'ODDR_inst' to cell 'ODDR' [C:/Users/Projet/Desktop/Recherche/gallay_DACGenesys2/workspace/DACZC706/DACZC706.srcs/sources_1/new/dac3484_interface_module.vhd:114]
	Parameter DDR_CLK_EDGE bound to: OPPOSITE_EDGE - type: string 
	Parameter INIT bound to: 1'b0 
	Parameter IS_C_INVERTED bound to: 1'b0 
	Parameter IS_D1_INVERTED bound to: 1'b0 
	Parameter IS_D2_INVERTED bound to: 1'b0 
	Parameter SRTYPE bound to: SYNC - type: string 
INFO: [Synth 8-113] binding component instance 'ODDR_inst' to cell 'ODDR' [C:/Users/Projet/Desktop/Recherche/gallay_DACGenesys2/workspace/DACZC706/DACZC706.srcs/sources_1/new/dac3484_interface_module.vhd:114]
	Parameter DDR_CLK_EDGE bound to: OPPOSITE_EDGE - type: string 
	Parameter INIT bound to: 1'b0 
	Parameter IS_C_INVERTED bound to: 1'b0 
	Parameter IS_D1_INVERTED bound to: 1'b0 
	Parameter IS_D2_INVERTED bound to: 1'b0 
	Parameter SRTYPE bound to: SYNC - type: string 
INFO: [Synth 8-113] binding component instance 'ODDR_inst' to cell 'ODDR' [C:/Users/Projet/Desktop/Recherche/gallay_DACGenesys2/workspace/DACZC706/DACZC706.srcs/sources_1/new/dac3484_interface_module.vhd:114]
	Parameter DDR_CLK_EDGE bound to: OPPOSITE_EDGE - type: string 
	Parameter INIT bound to: 1'b0 
	Parameter IS_C_INVERTED bound to: 1'b0 
	Parameter IS_D1_INVERTED bound to: 1'b0 
	Parameter IS_D2_INVERTED bound to: 1'b0 
	Parameter SRTYPE bound to: SYNC - type: string 
INFO: [Synth 8-113] binding component instance 'ODDR_inst' to cell 'ODDR' [C:/Users/Projet/Desktop/Recherche/gallay_DACGenesys2/workspace/DACZC706/DACZC706.srcs/sources_1/new/dac3484_interface_module.vhd:114]
INFO: [Synth 8-256] done synthesizing module 'dac3484_interface_module' (1#1) [C:/Users/Projet/Desktop/Recherche/gallay_DACGenesys2/workspace/DACZC706/DACZC706.srcs/sources_1/new/dac3484_interface_module.vhd:59]
INFO: [Synth 8-3491] module 'fifo_generator_0' declared at 'C:/Users/Projet/Desktop/Recherche/gallay_DACGenesys2/workspace/DACZC706/DACZC706.runs/synth_1/.Xil/Vivado-6488-DESKTOP-J3N7B01/realtime/fifo_generator_0_stub.v:6' bound to instance 'SYNC_FIFO' of component 'fifo_generator_0' [C:/Users/Projet/Desktop/Recherche/gallay_DACGenesys2/workspace/DACZC706/DACZC706.srcs/sources_1/new/dac_toplevel.vhd:382]
INFO: [Synth 8-6157] synthesizing module 'fifo_generator_0' [C:/Users/Projet/Desktop/Recherche/gallay_DACGenesys2/workspace/DACZC706/DACZC706.runs/synth_1/.Xil/Vivado-6488-DESKTOP-J3N7B01/realtime/fifo_generator_0_stub.v:6]
INFO: [Synth 8-6155] done synthesizing module 'fifo_generator_0' (2#1) [C:/Users/Projet/Desktop/Recherche/gallay_DACGenesys2/workspace/DACZC706/DACZC706.runs/synth_1/.Xil/Vivado-6488-DESKTOP-J3N7B01/realtime/fifo_generator_0_stub.v:6]
INFO: [Synth 8-3491] module 'fifo_generator_0' declared at 'C:/Users/Projet/Desktop/Recherche/gallay_DACGenesys2/workspace/DACZC706/DACZC706.runs/synth_1/.Xil/Vivado-6488-DESKTOP-J3N7B01/realtime/fifo_generator_0_stub.v:6' bound to instance 'sync_fifo_2' of component 'fifo_generator_0' [C:/Users/Projet/Desktop/Recherche/gallay_DACGenesys2/workspace/DACZC706/DACZC706.srcs/sources_1/new/dac_toplevel.vhd:400]
INFO: [Synth 8-3491] module 'fifo_generator_0' declared at 'C:/Users/Projet/Desktop/Recherche/gallay_DACGenesys2/workspace/DACZC706/DACZC706.runs/synth_1/.Xil/Vivado-6488-DESKTOP-J3N7B01/realtime/fifo_generator_0_stub.v:6' bound to instance 'sync_fifo_3' of component 'fifo_generator_0' [C:/Users/Projet/Desktop/Recherche/gallay_DACGenesys2/workspace/DACZC706/DACZC706.srcs/sources_1/new/dac_toplevel.vhd:418]
INFO: [Synth 8-3491] module 'clk_wiz_0' declared at 'C:/Users/Projet/Desktop/Recherche/gallay_DACGenesys2/workspace/DACZC706/DACZC706.runs/synth_1/.Xil/Vivado-6488-DESKTOP-J3N7B01/realtime/clk_wiz_0_stub.v:5' bound to instance 'CLOCK_GEN' of component 'clk_wiz_0' [C:/Users/Projet/Desktop/Recherche/gallay_DACGenesys2/workspace/DACZC706/DACZC706.srcs/sources_1/new/dac_toplevel.vhd:438]
INFO: [Synth 8-6157] synthesizing module 'clk_wiz_0' [C:/Users/Projet/Desktop/Recherche/gallay_DACGenesys2/workspace/DACZC706/DACZC706.runs/synth_1/.Xil/Vivado-6488-DESKTOP-J3N7B01/realtime/clk_wiz_0_stub.v:5]
INFO: [Synth 8-6155] done synthesizing module 'clk_wiz_0' (3#1) [C:/Users/Projet/Desktop/Recherche/gallay_DACGenesys2/workspace/DACZC706/DACZC706.runs/synth_1/.Xil/Vivado-6488-DESKTOP-J3N7B01/realtime/clk_wiz_0_stub.v:5]
INFO: [Synth 8-3491] module 'sine_gen_16bits' declared at 'C:/Users/Projet/Desktop/Recherche/gallay_DACGenesys2/workspace/DACZC706/DACZC706.runs/synth_1/.Xil/Vivado-6488-DESKTOP-J3N7B01/realtime/sine_gen_16bits_stub.v:6' bound to instance 'SINE_GEN' of component 'sine_gen_16bits' [C:/Users/Projet/Desktop/Recherche/gallay_DACGenesys2/workspace/DACZC706/DACZC706.srcs/sources_1/new/dac_toplevel.vhd:449]
INFO: [Synth 8-6157] synthesizing module 'sine_gen_16bits' [C:/Users/Projet/Desktop/Recherche/gallay_DACGenesys2/workspace/DACZC706/DACZC706.runs/synth_1/.Xil/Vivado-6488-DESKTOP-J3N7B01/realtime/sine_gen_16bits_stub.v:6]
INFO: [Synth 8-6155] done synthesizing module 'sine_gen_16bits' (4#1) [C:/Users/Projet/Desktop/Recherche/gallay_DACGenesys2/workspace/DACZC706/DACZC706.runs/synth_1/.Xil/Vivado-6488-DESKTOP-J3N7B01/realtime/sine_gen_16bits_stub.v:6]
INFO: [Synth 8-3491] module 'model_triphases_220khz' declared at 'C:/Users/Projet/Desktop/Recherche/gallay_DACGenesys2/workspace/DACZC706/DACZC706.runs/synth_1/.Xil/Vivado-6488-DESKTOP-J3N7B01/realtime/model_triphases_220khz_stub.v:6' bound to instance 'model_220' of component 'model_triphases_220khz' [C:/Users/Projet/Desktop/Recherche/gallay_DACGenesys2/workspace/DACZC706/DACZC706.srcs/sources_1/new/dac_toplevel.vhd:477]
INFO: [Synth 8-6157] synthesizing module 'model_triphases_220khz' [C:/Users/Projet/Desktop/Recherche/gallay_DACGenesys2/workspace/DACZC706/DACZC706.runs/synth_1/.Xil/Vivado-6488-DESKTOP-J3N7B01/realtime/model_triphases_220khz_stub.v:6]
INFO: [Synth 8-6155] done synthesizing module 'model_triphases_220khz' (5#1) [C:/Users/Projet/Desktop/Recherche/gallay_DACGenesys2/workspace/DACZC706/DACZC706.runs/synth_1/.Xil/Vivado-6488-DESKTOP-J3N7B01/realtime/model_triphases_220khz_stub.v:6]
INFO: [Synth 8-3491] module 'second_case' declared at 'C:/Users/Projet/Desktop/Recherche/gallay_DACGenesys2/workspace/DACZC706/DACZC706.runs/synth_1/.Xil/Vivado-6488-DESKTOP-J3N7B01/realtime/second_case_stub.v:6' bound to instance 'second_case_instance' of component 'second_case' [C:/Users/Projet/Desktop/Recherche/gallay_DACGenesys2/workspace/DACZC706/DACZC706.srcs/sources_1/new/dac_toplevel.vhd:498]
INFO: [Synth 8-6157] synthesizing module 'second_case' [C:/Users/Projet/Desktop/Recherche/gallay_DACGenesys2/workspace/DACZC706/DACZC706.runs/synth_1/.Xil/Vivado-6488-DESKTOP-J3N7B01/realtime/second_case_stub.v:6]
INFO: [Synth 8-6155] done synthesizing module 'second_case' (6#1) [C:/Users/Projet/Desktop/Recherche/gallay_DACGenesys2/workspace/DACZC706/DACZC706.runs/synth_1/.Xil/Vivado-6488-DESKTOP-J3N7B01/realtime/second_case_stub.v:6]
INFO: [Synth 8-256] done synthesizing module 'dac_toplevel' (7#1) [C:/Users/Projet/Desktop/Recherche/gallay_DACGenesys2/workspace/DACZC706/DACZC706.srcs/sources_1/new/dac_toplevel.vhd:56]
---------------------------------------------------------------------------------
Finished RTL Elaboration : Time (s): cpu = 00:00:04 ; elapsed = 00:00:05 . Memory (MB): peak = 1471.727 ; gain = 300.398
---------------------------------------------------------------------------------
---------------------------------------------------------------------------------
Start Handling Custom Attributes
---------------------------------------------------------------------------------
---------------------------------------------------------------------------------
Finished Handling Custom Attributes : Time (s): cpu = 00:00:05 ; elapsed = 00:00:06 . Memory (MB): peak = 1471.727 ; gain = 300.398
---------------------------------------------------------------------------------
---------------------------------------------------------------------------------
Finished RTL Optimization Phase 1 : Time (s): cpu = 00:00:05 ; elapsed = 00:00:06 . Memory (MB): peak = 1471.727 ; gain = 300.398
---------------------------------------------------------------------------------
Netlist sorting complete. Time (s): cpu = 00:00:00 ; elapsed = 00:00:00.004 . Memory (MB): peak = 1471.727 ; gain = 0.000
INFO: [Netlist 29-17] Analyzing 36 Unisim elements for replacement
INFO: [Netlist 29-28] Unisim Transformation completed in 0 CPU seconds
INFO: [Project 1-570] Preparing netlist for logic optimization

Processing XDC Constraints
Initializing timing engine
Parsing XDC File [c:/Users/Projet/Desktop/Recherche/gallay_DACGenesys2/workspace/DACZC706/DACZC706.srcs/sources_1/ip/fifo_generator_0/fifo_generator_0/fifo_generator_0_in_context.xdc] for cell 'SYNC_FIFO'
Finished Parsing XDC File [c:/Users/Projet/Desktop/Recherche/gallay_DACGenesys2/workspace/DACZC706/DACZC706.srcs/sources_1/ip/fifo_generator_0/fifo_generator_0/fifo_generator_0_in_context.xdc] for cell 'SYNC_FIFO'
Parsing XDC File [c:/Users/Projet/Desktop/Recherche/gallay_DACGenesys2/workspace/DACZC706/DACZC706.srcs/sources_1/ip/fifo_generator_0/fifo_generator_0/fifo_generator_0_in_context.xdc] for cell 'sync_fifo_2'
Finished Parsing XDC File [c:/Users/Projet/Desktop/Recherche/gallay_DACGenesys2/workspace/DACZC706/DACZC706.srcs/sources_1/ip/fifo_generator_0/fifo_generator_0/fifo_generator_0_in_context.xdc] for cell 'sync_fifo_2'
Parsing XDC File [c:/Users/Projet/Desktop/Recherche/gallay_DACGenesys2/workspace/DACZC706/DACZC706.srcs/sources_1/ip/fifo_generator_0/fifo_generator_0/fifo_generator_0_in_context.xdc] for cell 'sync_fifo_3'
Finished Parsing XDC File [c:/Users/Projet/Desktop/Recherche/gallay_DACGenesys2/workspace/DACZC706/DACZC706.srcs/sources_1/ip/fifo_generator_0/fifo_generator_0/fifo_generator_0_in_context.xdc] for cell 'sync_fifo_3'
Parsing XDC File [c:/Users/Projet/Desktop/Recherche/gallay_DACGenesys2/workspace/DACZC706/DACZC706.srcs/sources_1/ip/clk_wiz_0/clk_wiz_0/clk_wiz_0_in_context.xdc] for cell 'CLOCK_GEN'
WARNING: [Vivado 12-584] No ports matched ''. [c:/Users/Projet/Desktop/Recherche/gallay_DACGenesys2/workspace/DACZC706/DACZC706.srcs/sources_1/ip/clk_wiz_0/clk_wiz_0/clk_wiz_0_in_context.xdc:1]
WARNING: [Vivado 12-584] No ports matched ''. [c:/Users/Projet/Desktop/Recherche/gallay_DACGenesys2/workspace/DACZC706/DACZC706.srcs/sources_1/ip/clk_wiz_0/clk_wiz_0/clk_wiz_0_in_context.xdc:4]
Finished Parsing XDC File [c:/Users/Projet/Desktop/Recherche/gallay_DACGenesys2/workspace/DACZC706/DACZC706.srcs/sources_1/ip/clk_wiz_0/clk_wiz_0/clk_wiz_0_in_context.xdc] for cell 'CLOCK_GEN'
Parsing XDC File [c:/Users/Projet/Desktop/Recherche/gallay_DACGenesys2/workspace/DACZC706/DACZC706.srcs/sources_1/ip/sine_gen_16bits/sine_gen_16bits/sine_gen_16bits_in_context.xdc] for cell 'SINE_GEN'
Finished Parsing XDC File [c:/Users/Projet/Desktop/Recherche/gallay_DACGenesys2/workspace/DACZC706/DACZC706.srcs/sources_1/ip/sine_gen_16bits/sine_gen_16bits/sine_gen_16bits_in_context.xdc] for cell 'SINE_GEN'
Parsing XDC File [c:/Users/Projet/Desktop/Recherche/gallay_DACGenesys2/workspace/DACZC706/DACZC706.srcs/sources_1/ip/model_triphases_220khz/model_triphases_220khz/model_triphases_220khz_in_context.xdc] for cell 'model_220'
Finished Parsing XDC File [c:/Users/Projet/Desktop/Recherche/gallay_DACGenesys2/workspace/DACZC706/DACZC706.srcs/sources_1/ip/model_triphases_220khz/model_triphases_220khz/model_triphases_220khz_in_context.xdc] for cell 'model_220'
Parsing XDC File [c:/Users/Projet/Desktop/Recherche/gallay_DACGenesys2/workspace/DACZC706/DACZC706.srcs/sources_1/ip/second_case/second_case/second_case_in_context.xdc] for cell 'second_case_instance'
Finished Parsing XDC File [c:/Users/Projet/Desktop/Recherche/gallay_DACGenesys2/workspace/DACZC706/DACZC706.srcs/sources_1/ip/second_case/second_case/second_case_in_context.xdc] for cell 'second_case_instance'
Parsing XDC File [C:/Users/Projet/Desktop/Recherche/gallay_DACGenesys2/workspace/DACZC706/DACZC706.srcs/constrs_1/new/constr.xdc]
Finished Parsing XDC File [C:/Users/Projet/Desktop/Recherche/gallay_DACGenesys2/workspace/DACZC706/DACZC706.srcs/constrs_1/new/constr.xdc]
INFO: [Project 1-236] Implementation specific constraints were found while reading constraint file [C:/Users/Projet/Desktop/Recherche/gallay_DACGenesys2/workspace/DACZC706/DACZC706.srcs/constrs_1/new/constr.xdc]. These constraints will be ignored for synthesis but will be used in implementation. Impacted constraints are listed in the file [.Xil/dac_toplevel_propImpl.xdc].
Resolution: To avoid this warning, move constraints listed in [.Xil/dac_toplevel_propImpl.xdc] to another XDC file and exclude this new file from synthesis with the used_in_synthesis property (File Properties dialog in GUI) and re-run elaboration/synthesis.
Completed Processing XDC Constraints

Netlist sorting complete. Time (s): cpu = 00:00:00 ; elapsed = 00:00:00 . Memory (MB): peak = 1586.441 ; gain = 0.000
INFO: [Project 1-111] Unisim Transformation Summary:
  A total of 18 instances were transformed.
  OBUFDS => OBUFDS: 18 instances

Constraint Validation Runtime : Time (s): cpu = 00:00:00 ; elapsed = 00:00:00.009 . Memory (MB): peak = 1586.441 ; gain = 0.000
WARNING: [Timing 38-316] Clock period '10.000' specified during out-of-context synthesis of instance 'SYNC_FIFO' at clock pin 'wr_clk' is different from the actual clock period '3.125', this can lead to different synthesis results.
WARNING: [Timing 38-316] Clock period '10.000' specified during out-of-context synthesis of instance 'sync_fifo_2' at clock pin 'wr_clk' is different from the actual clock period '3.125', this can lead to different synthesis results.
WARNING: [Timing 38-316] Clock period '10.000' specified during out-of-context synthesis of instance 'sync_fifo_3' at clock pin 'wr_clk' is different from the actual clock period '3.125', this can lead to different synthesis results.
---------------------------------------------------------------------------------
Finished Constraint Validation : Time (s): cpu = 00:00:12 ; elapsed = 00:00:13 . Memory (MB): peak = 1594.609 ; gain = 423.281
---------------------------------------------------------------------------------
---------------------------------------------------------------------------------
Start Loading Part and Timing Information
---------------------------------------------------------------------------------
Loading part: xc7z045ffg900-2
---------------------------------------------------------------------------------
Finished Loading Part and Timing Information : Time (s): cpu = 00:00:12 ; elapsed = 00:00:13 . Memory (MB): peak = 1594.609 ; gain = 423.281
---------------------------------------------------------------------------------
---------------------------------------------------------------------------------
Start Applying 'set_property' XDC Constraints
---------------------------------------------------------------------------------
Applied set_property DONT_TOUCH = true for SYNC_FIFO. (constraint file  auto generated constraint, line ).
Applied set_property DONT_TOUCH = true for sync_fifo_2. (constraint file  auto generated constraint, line ).
Applied set_property DONT_TOUCH = true for sync_fifo_3. (constraint file  auto generated constraint, line ).
Applied set_property DONT_TOUCH = true for CLOCK_GEN. (constraint file  auto generated constraint, line ).
Applied set_property DONT_TOUCH = true for SINE_GEN. (constraint file  auto generated constraint, line ).
Applied set_property DONT_TOUCH = true for model_220. (constraint file  auto generated constraint, line ).
Applied set_property DONT_TOUCH = true for second_case_instance. (constraint file  auto generated constraint, line ).
---------------------------------------------------------------------------------
Finished applying 'set_property' XDC Constraints : Time (s): cpu = 00:00:12 ; elapsed = 00:00:13 . Memory (MB): peak = 1594.609 ; gain = 423.281
---------------------------------------------------------------------------------
INFO: [Synth 8-802] inferred FSM for state register 'STATE_reg' in module 'dac_toplevel'
INFO: [Synth 8-802] inferred FSM for state register 'STATE_2_reg' in module 'dac_toplevel'
INFO: [Synth 8-802] inferred FSM for state register 'STATE_3_reg' in module 'dac_toplevel'
---------------------------------------------------------------------------------------------------
                   State |                     New Encoding |                Previous Encoding 
---------------------------------------------------------------------------------------------------
              idle_state |                              001 |                               00
         not_empty_state |                              010 |                               01
         rd_enable_state |                              100 |                               10
---------------------------------------------------------------------------------------------------
INFO: [Synth 8-3354] encoded FSM with state register 'STATE_reg' using encoding 'one-hot' in module 'dac_toplevel'
---------------------------------------------------------------------------------------------------
                   State |                     New Encoding |                Previous Encoding 
---------------------------------------------------------------------------------------------------
              idle_state |                              001 |                               00
         not_empty_state |                              010 |                               01
         rd_enable_state |                              100 |                               10
---------------------------------------------------------------------------------------------------
INFO: [Synth 8-3354] encoded FSM with state register 'STATE_2_reg' using encoding 'one-hot' in module 'dac_toplevel'
---------------------------------------------------------------------------------------------------
                   State |                     New Encoding |                Previous Encoding 
---------------------------------------------------------------------------------------------------
              idle_state |                              001 |                               00
         not_empty_state |                              010 |                               01
         rd_enable_state |                              100 |                               10
---------------------------------------------------------------------------------------------------
INFO: [Synth 8-3354] encoded FSM with state register 'STATE_3_reg' using encoding 'one-hot' in module 'dac_toplevel'
---------------------------------------------------------------------------------
Finished RTL Optimization Phase 2 : Time (s): cpu = 00:00:12 ; elapsed = 00:00:13 . Memory (MB): peak = 1594.609 ; gain = 423.281
---------------------------------------------------------------------------------
---------------------------------------------------------------------------------
Start RTL Component Statistics 
---------------------------------------------------------------------------------
Detailed RTL Component Info : 
+---Registers : 
	               16 Bit    Registers := 5     
	                1 Bit    Registers := 8     
+---Muxes : 
	   2 Input   16 Bit        Muxes := 2     
	   3 Input    3 Bit        Muxes := 3     
	   2 Input    3 Bit        Muxes := 3     
	   3 Input    1 Bit        Muxes := 9     
---------------------------------------------------------------------------------
Finished RTL Component Statistics 
---------------------------------------------------------------------------------
---------------------------------------------------------------------------------
Start Part Resource Summary
---------------------------------------------------------------------------------
Part Resources:
DSPs: 900 (col length:140)
BRAMs: 1090 (col length: RAMB18 140 RAMB36 70)
---------------------------------------------------------------------------------
Finished Part Resource Summary
---------------------------------------------------------------------------------
---------------------------------------------------------------------------------
Start Cross Boundary and Area Optimization
---------------------------------------------------------------------------------
---------------------------------------------------------------------------------
Finished Cross Boundary and Area Optimization : Time (s): cpu = 00:00:13 ; elapsed = 00:00:14 . Memory (MB): peak = 1594.609 ; gain = 423.281
---------------------------------------------------------------------------------
---------------------------------------------------------------------------------
Start Applying XDC Timing Constraints
---------------------------------------------------------------------------------
---------------------------------------------------------------------------------
Finished Applying XDC Timing Constraints : Time (s): cpu = 00:00:20 ; elapsed = 00:00:21 . Memory (MB): peak = 1594.609 ; gain = 423.281
---------------------------------------------------------------------------------
---------------------------------------------------------------------------------
Start Timing Optimization
---------------------------------------------------------------------------------
---------------------------------------------------------------------------------
Finished Timing Optimization : Time (s): cpu = 00:00:20 ; elapsed = 00:00:21 . Memory (MB): peak = 1594.609 ; gain = 423.281
---------------------------------------------------------------------------------
---------------------------------------------------------------------------------
Start Technology Mapping
---------------------------------------------------------------------------------
---------------------------------------------------------------------------------
Finished Technology Mapping : Time (s): cpu = 00:00:20 ; elapsed = 00:00:21 . Memory (MB): peak = 1594.609 ; gain = 423.281
---------------------------------------------------------------------------------
---------------------------------------------------------------------------------
Start IO Insertion
---------------------------------------------------------------------------------
---------------------------------------------------------------------------------
Start Flattening Before IO Insertion
---------------------------------------------------------------------------------
---------------------------------------------------------------------------------
Finished Flattening Before IO Insertion
---------------------------------------------------------------------------------
---------------------------------------------------------------------------------
Start Final Netlist Cleanup
---------------------------------------------------------------------------------
---------------------------------------------------------------------------------
Finished Final Netlist Cleanup
---------------------------------------------------------------------------------
---------------------------------------------------------------------------------
Finished IO Insertion : Time (s): cpu = 00:00:24 ; elapsed = 00:00:25 . Memory (MB): peak = 1594.609 ; gain = 423.281
---------------------------------------------------------------------------------
---------------------------------------------------------------------------------
Start Renaming Generated Instances
---------------------------------------------------------------------------------
---------------------------------------------------------------------------------
Finished Renaming Generated Instances : Time (s): cpu = 00:00:24 ; elapsed = 00:00:25 . Memory (MB): peak = 1594.609 ; gain = 423.281
---------------------------------------------------------------------------------
---------------------------------------------------------------------------------
Start Rebuilding User Hierarchy
---------------------------------------------------------------------------------
---------------------------------------------------------------------------------
Finished Rebuilding User Hierarchy : Time (s): cpu = 00:00:24 ; elapsed = 00:00:25 . Memory (MB): peak = 1594.609 ; gain = 423.281
---------------------------------------------------------------------------------
---------------------------------------------------------------------------------
Start Renaming Generated Ports
---------------------------------------------------------------------------------
---------------------------------------------------------------------------------
Finished Renaming Generated Ports : Time (s): cpu = 00:00:24 ; elapsed = 00:00:25 . Memory (MB): peak = 1594.609 ; gain = 423.281
---------------------------------------------------------------------------------
---------------------------------------------------------------------------------
Start Handling Custom Attributes
---------------------------------------------------------------------------------
---------------------------------------------------------------------------------
Finished Handling Custom Attributes : Time (s): cpu = 00:00:24 ; elapsed = 00:00:25 . Memory (MB): peak = 1594.609 ; gain = 423.281
---------------------------------------------------------------------------------
---------------------------------------------------------------------------------
Start Renaming Generated Nets
---------------------------------------------------------------------------------
---------------------------------------------------------------------------------
Finished Renaming Generated Nets : Time (s): cpu = 00:00:24 ; elapsed = 00:00:25 . Memory (MB): peak = 1594.609 ; gain = 423.281
---------------------------------------------------------------------------------
---------------------------------------------------------------------------------
Start Writing Synthesis Report
---------------------------------------------------------------------------------

Report BlackBoxes: 
+------+-----------------------+----------+
|      |BlackBox name          |Instances |
+------+-----------------------+----------+
|1     |fifo_generator_0       |         3|
|2     |clk_wiz_0              |         1|
|3     |sine_gen_16bits        |         1|
|4     |model_triphases_220khz |         1|
|5     |second_case            |         1|
+------+-----------------------+----------+

Report Cell Usage: 
+------+-----------------------+------+
|      |Cell                   |Count |
+------+-----------------------+------+
|1     |clk_wiz                |     1|
|2     |fifo_generator         |     1|
|3     |fifo_generator_0_      |     2|
|5     |model_triphases_220khz |     1|
|6     |second_case            |     1|
|7     |sine_gen_16bits        |     1|
|8     |BUFG                   |     1|
|9     |LUT1                   |     2|
|10    |LUT2                   |     6|
|11    |LUT3                   |    22|
|12    |LUT4                   |     3|
|13    |ODDR                   |    16|
|14    |FDRE                   |    97|
|15    |IBUFDS                 |     2|
|16    |OBUF                   |     1|
|17    |OBUFDS                 |    18|
+------+-----------------------+------+
---------------------------------------------------------------------------------
Finished Writing Synthesis Report : Time (s): cpu = 00:00:24 ; elapsed = 00:00:25 . Memory (MB): peak = 1594.609 ; gain = 423.281
---------------------------------------------------------------------------------
Synthesis finished with 0 errors, 0 critical warnings and 0 warnings.
Synthesis Optimization Runtime : Time (s): cpu = 00:00:16 ; elapsed = 00:00:22 . Memory (MB): peak = 1594.609 ; gain = 300.398
Synthesis Optimization Complete : Time (s): cpu = 00:00:24 ; elapsed = 00:00:25 . Memory (MB): peak = 1594.609 ; gain = 423.281
INFO: [Project 1-571] Translating synthesized netlist
Netlist sorting complete. Time (s): cpu = 00:00:00 ; elapsed = 00:00:00.004 . Memory (MB): peak = 1594.609 ; gain = 0.000
INFO: [Netlist 29-17] Analyzing 36 Unisim elements for replacement
INFO: [Netlist 29-28] Unisim Transformation completed in 0 CPU seconds
INFO: [Project 1-570] Preparing netlist for logic optimization
INFO: [Opt 31-138] Pushed 0 inverter(s) to 0 load pin(s).
Netlist sorting complete. Time (s): cpu = 00:00:00 ; elapsed = 00:00:00 . Memory (MB): peak = 1613.273 ; gain = 0.000
INFO: [Project 1-111] Unisim Transformation Summary:
  A total of 18 instances were transformed.
  OBUFDS => OBUFDS_DUAL_BUF (INV, OBUFDS(x2)): 18 instances

INFO: [Common 17-83] Releasing license: Synthesis
95 Infos, 7 Warnings, 0 Critical Warnings and 0 Errors encountered.
synth_design completed successfully
synth_design: Time (s): cpu = 00:00:31 ; elapsed = 00:00:44 . Memory (MB): peak = 1613.273 ; gain = 531.781
WARNING: [Constraints 18-5210] No constraints selected for write.
Resolution: This message can indicate that there are no constraints for the design, or it can indicate that the used_in flags are set such that the constraints are ignored. This later case is used when running synth_design to not write synthesis constraints to the resulting checkpoint. Instead, project constraints are read when the synthesized design is opened.
INFO: [Common 17-1381] The checkpoint 'C:/Users/Projet/Desktop/Recherche/gallay_DACGenesys2/workspace/DACZC706/DACZC706.runs/synth_1/dac_toplevel.dcp' has been generated.
INFO: [runtcl-4] Executing : report_utilization -file dac_toplevel_utilization_synth.rpt -pb dac_toplevel_utilization_synth.pb
INFO: [Common 17-206] Exiting Vivado at Wed Jun 23 16:52:54 2021...
