INFO: [VRFC 10-2263] Analyzing Verilog file "C:/Users/Projet/Desktop/Recherche/gallay_DACGenesys2/workspace/DACZC706/DACZC706.srcs/sources_1/ip/model_0/model_dist_mem_gen_i0/sim/model_dist_mem_gen_i0.v" into library xil_defaultlib
INFO: [VRFC 10-311] analyzing module model_dist_mem_gen_i0
INFO: [VRFC 10-2263] Analyzing Verilog file "C:/Users/Projet/Desktop/Recherche/gallay_DACGenesys2/workspace/DACZC706/DACZC706.srcs/sources_1/ip/builtin_fifo/sim/builtin_fifo.v" into library xil_defaultlib
INFO: [VRFC 10-311] analyzing module builtin_fifo
INFO: [VRFC 10-163] Analyzing VHDL file "C:/Users/Projet/Desktop/Recherche/gallay_DACGenesys2/workspace/DACZC706/DACZC706.ip_user_files/ipstatic/xil_defaultlib/hdl/conv_pkg.vhd" into library xil_defaultlib
INFO: [VRFC 10-163] Analyzing VHDL file "C:/Users/Projet/Desktop/Recherche/gallay_DACGenesys2/workspace/DACZC706/DACZC706.ip_user_files/ipstatic/xil_defaultlib/hdl/synth_reg.vhd" into library xil_defaultlib
INFO: [VRFC 10-3107] analyzing entity 'synth_reg'
INFO: [VRFC 10-163] Analyzing VHDL file "C:/Users/Projet/Desktop/Recherche/gallay_DACGenesys2/workspace/DACZC706/DACZC706.ip_user_files/ipstatic/xil_defaultlib/hdl/synth_reg_w_init.vhd" into library xil_defaultlib
INFO: [VRFC 10-3107] analyzing entity 'synth_reg_w_init'
INFO: [VRFC 10-163] Analyzing VHDL file "C:/Users/Projet/Desktop/Recherche/gallay_DACGenesys2/workspace/DACZC706/DACZC706.ip_user_files/ipstatic/xil_defaultlib/hdl/srl17e.vhd" into library xil_defaultlib
INFO: [VRFC 10-3107] analyzing entity 'srl17e'
INFO: [VRFC 10-163] Analyzing VHDL file "C:/Users/Projet/Desktop/Recherche/gallay_DACGenesys2/workspace/DACZC706/DACZC706.ip_user_files/ipstatic/xil_defaultlib/hdl/srl33e.vhd" into library xil_defaultlib
INFO: [VRFC 10-3107] analyzing entity 'srlc33e'
INFO: [VRFC 10-163] Analyzing VHDL file "C:/Users/Projet/Desktop/Recherche/gallay_DACGenesys2/workspace/DACZC706/DACZC706.ip_user_files/ipstatic/xil_defaultlib/hdl/synth_reg_reg.vhd" into library xil_defaultlib
INFO: [VRFC 10-3107] analyzing entity 'synth_reg_reg'
INFO: [VRFC 10-163] Analyzing VHDL file "C:/Users/Projet/Desktop/Recherche/gallay_DACGenesys2/workspace/DACZC706/DACZC706.ip_user_files/ipstatic/xil_defaultlib/hdl/single_reg_w_init.vhd" into library xil_defaultlib
INFO: [VRFC 10-3107] analyzing entity 'single_reg_w_init'
INFO: [VRFC 10-163] Analyzing VHDL file "C:/Users/Projet/Desktop/Recherche/gallay_DACGenesys2/workspace/DACZC706/DACZC706.ip_user_files/ipstatic/xil_defaultlib/hdl/xlclockdriver_rd.vhd" into library xil_defaultlib
INFO: [VRFC 10-3107] analyzing entity 'xlclockdriver'
INFO: [VRFC 10-163] Analyzing VHDL file "C:/Users/Projet/Desktop/Recherche/gallay_DACGenesys2/workspace/DACZC706/DACZC706.ip_user_files/ipstatic/xil_defaultlib/hdl/sine_generator_16bits_entity_declarations.vhd" into library xil_defaultlib
INFO: [VRFC 10-3107] analyzing entity 'sine_generator_16bits_xlsprom'
INFO: [VRFC 10-3107] analyzing entity 'sine_generator_16bits_xlcounter_free'
INFO: [VRFC 10-163] Analyzing VHDL file "C:/Users/Projet/Desktop/Recherche/gallay_DACGenesys2/workspace/DACZC706/DACZC706.ip_user_files/ipstatic/xil_defaultlib/hdl/sine_generator_16bits.vhd" into library xil_defaultlib
INFO: [VRFC 10-3107] analyzing entity 'sine_generator_16bits_struct'
INFO: [VRFC 10-3107] analyzing entity 'sine_generator_16bits_default_clock_driver'
INFO: [VRFC 10-3107] analyzing entity 'sine_generator_16bits'
INFO: [VRFC 10-163] Analyzing VHDL file "C:/Users/Projet/Desktop/Recherche/gallay_DACGenesys2/workspace/DACZC706/DACZC706.srcs/sources_1/ip/model_0/model_c_addsub_v12_0_i0/sim/model_c_addsub_v12_0_i0.vhd" into library xil_defaultlib
INFO: [VRFC 10-3107] analyzing entity 'model_c_addsub_v12_0_i0'
INFO: [VRFC 10-163] Analyzing VHDL file "C:/Users/Projet/Desktop/Recherche/gallay_DACGenesys2/workspace/DACZC706/DACZC706.srcs/sources_1/ip/model_0/model_c_addsub_v12_0_i1/sim/model_c_addsub_v12_0_i1.vhd" into library xil_defaultlib
INFO: [VRFC 10-3107] analyzing entity 'model_c_addsub_v12_0_i1'
INFO: [VRFC 10-163] Analyzing VHDL file "C:/Users/Projet/Desktop/Recherche/gallay_DACGenesys2/workspace/DACZC706/DACZC706.srcs/sources_1/ip/model_0/model_c_addsub_v12_0_i2/sim/model_c_addsub_v12_0_i2.vhd" into library xil_defaultlib
INFO: [VRFC 10-3107] analyzing entity 'model_c_addsub_v12_0_i2'
INFO: [VRFC 10-163] Analyzing VHDL file "C:/Users/Projet/Desktop/Recherche/gallay_DACGenesys2/workspace/DACZC706/DACZC706.srcs/sources_1/ip/model_0/model_c_addsub_v12_0_i3/sim/model_c_addsub_v12_0_i3.vhd" into library xil_defaultlib
INFO: [VRFC 10-3107] analyzing entity 'model_c_addsub_v12_0_i3'
INFO: [VRFC 10-163] Analyzing VHDL file "C:/Users/Projet/Desktop/Recherche/gallay_DACGenesys2/workspace/DACZC706/DACZC706.srcs/sources_1/ip/model_0/model_c_addsub_v12_0_i4/sim/model_c_addsub_v12_0_i4.vhd" into library xil_defaultlib
INFO: [VRFC 10-3107] analyzing entity 'model_c_addsub_v12_0_i4'
INFO: [VRFC 10-163] Analyzing VHDL file "C:/Users/Projet/Desktop/Recherche/gallay_DACGenesys2/workspace/DACZC706/DACZC706.srcs/sources_1/ip/model_0/model_c_counter_binary_v12_0_i0/sim/model_c_counter_binary_v12_0_i0.vhd" into library xil_defaultlib
INFO: [VRFC 10-3107] analyzing entity 'model_c_counter_binary_v12_0_i0'
INFO: [VRFC 10-163] Analyzing VHDL file "C:/Users/Projet/Desktop/Recherche/gallay_DACGenesys2/workspace/DACZC706/DACZC706.srcs/sources_1/ip/model_0/model_c_counter_binary_v12_0_i1/sim/model_c_counter_binary_v12_0_i1.vhd" into library xil_defaultlib
INFO: [VRFC 10-3107] analyzing entity 'model_c_counter_binary_v12_0_i1'
INFO: [VRFC 10-163] Analyzing VHDL file "C:/Users/Projet/Desktop/Recherche/gallay_DACGenesys2/workspace/DACZC706/DACZC706.srcs/sources_1/ip/model_0/model_mult_gen_v12_0_i0/sim/model_mult_gen_v12_0_i0.vhd" into library xil_defaultlib
INFO: [VRFC 10-3107] analyzing entity 'model_mult_gen_v12_0_i0'
INFO: [VRFC 10-163] Analyzing VHDL file "C:/Users/Projet/Desktop/Recherche/gallay_DACGenesys2/workspace/DACZC706/DACZC706.ip_user_files/ipstatic/xil_defaultlib/hdl/model_entity_declarations.vhd" into library xil_defaultlib
INFO: [VRFC 10-3107] analyzing entity 'sysgen_concat_5e487d248c'
INFO: [VRFC 10-3107] analyzing entity 'sysgen_constant_24d476969f'
INFO: [VRFC 10-3107] analyzing entity 'model_xlregister'
INFO: [VRFC 10-3107] analyzing entity 'sysgen_reinterpret_1d0bcad0b3'
INFO: [VRFC 10-3107] analyzing entity 'model_xlslice'
INFO: [VRFC 10-3107] analyzing entity 'sysgen_concat_4efae562ac'
INFO: [VRFC 10-3107] analyzing entity 'sysgen_concat_9949fbcf9c'
INFO: [VRFC 10-3107] analyzing entity 'sysgen_concat_1c0440e418'
INFO: [VRFC 10-3107] analyzing entity 'model_xldelay'
INFO: [VRFC 10-3107] analyzing entity 'sysgen_inverter_5cee62625c'
INFO: [VRFC 10-3107] analyzing entity 'model_xlsprom'
INFO: [VRFC 10-3107] analyzing entity 'sysgen_concat_aa6188222e'
INFO: [VRFC 10-3107] analyzing entity 'sysgen_concat_f0cb5156da'
INFO: [VRFC 10-3107] analyzing entity 'sysgen_reinterpret_a1bf19d17f'
INFO: [VRFC 10-3107] analyzing entity 'sysgen_logical_aaedc3ec65'
INFO: [VRFC 10-3107] analyzing entity 'sysgen_constant_aa3ae60b25'
INFO: [VRFC 10-3107] analyzing entity 'sysgen_logical_f949bc936d'
INFO: [VRFC 10-3107] analyzing entity 'sysgen_mux_ed25a43641'
INFO: [VRFC 10-3107] analyzing entity 'sysgen_constant_be152f7a1b'
INFO: [VRFC 10-3107] analyzing entity 'sysgen_inverter_afda00daf6'
INFO: [VRFC 10-3107] analyzing entity 'sysgen_constant_01c40f9801'
INFO: [VRFC 10-3107] analyzing entity 'sysgen_constant_3c76eb4951'
INFO: [VRFC 10-3107] analyzing entity 'sysgen_constant_e5e7a362a6'
INFO: [VRFC 10-3107] analyzing entity 'sysgen_constant_69e8059596'
INFO: [VRFC 10-3107] analyzing entity 'sysgen_constant_4880e17d93'
INFO: [VRFC 10-3107] analyzing entity 'sysgen_constant_406dcf4818'
INFO: [VRFC 10-3107] analyzing entity 'sysgen_constant_3a7e3fa6e7'
INFO: [VRFC 10-3107] analyzing entity 'sysgen_constant_cf169348cd'
INFO: [VRFC 10-3107] analyzing entity 'sysgen_constant_03a63155e1'
INFO: [VRFC 10-3107] analyzing entity 'sysgen_constant_82d9f5d1dc'
INFO: [VRFC 10-3107] analyzing entity 'sysgen_constant_b18bedd41f'
INFO: [VRFC 10-3107] analyzing entity 'sysgen_constant_a2323ad5cc'
INFO: [VRFC 10-3107] analyzing entity 'sysgen_constant_b9a23bdd16'
INFO: [VRFC 10-3107] analyzing entity 'sysgen_constant_418a13dc5c'
INFO: [VRFC 10-3107] analyzing entity 'sysgen_concat_645e113516'
INFO: [VRFC 10-3107] analyzing entity 'sysgen_concat_f99305566a'
INFO: [VRFC 10-3107] analyzing entity 'sysgen_constant_d32cefaf60'
INFO: [VRFC 10-3107] analyzing entity 'sysgen_logical_6eb616e8da'
INFO: [VRFC 10-3107] analyzing entity 'sysgen_relational_302be00e9f'
INFO: [VRFC 10-3107] analyzing entity 'sysgen_constant_e980edd3e8'
INFO: [VRFC 10-3107] analyzing entity 'sysgen_constant_328f66dc27'
INFO: [VRFC 10-3107] analyzing entity 'sysgen_constant_f922654435'
INFO: [VRFC 10-3107] analyzing entity 'sysgen_constant_dcc02b1977'
INFO: [VRFC 10-3107] analyzing entity 'sysgen_constant_6672b01786'
INFO: [VRFC 10-3107] analyzing entity 'sysgen_constant_ffc6eef940'
INFO: [VRFC 10-3107] analyzing entity 'sysgen_constant_038f3cdad6'
INFO: [VRFC 10-3107] analyzing entity 'sysgen_concat_3515ee2680'
INFO: [VRFC 10-3107] analyzing entity 'convert_func_call_model_xlconvert'
INFO: [VRFC 10-3107] analyzing entity 'model_xlconvert'
INFO: [VRFC 10-3107] analyzing entity 'sysgen_reinterpret_4141e35130'
INFO: [VRFC 10-3107] analyzing entity 'sysgen_reinterpret_8be48309cf'
INFO: [VRFC 10-3107] analyzing entity 'sysgen_reinterpret_e807f61537'
INFO: [VRFC 10-3107] analyzing entity 'sysgen_reinterpret_a3d84e7d59'
INFO: [VRFC 10-3107] analyzing entity 'sysgen_concat_c17659b5cc'
INFO: [VRFC 10-3107] analyzing entity 'sysgen_concat_10d9148541'
INFO: [VRFC 10-3107] analyzing entity 'sysgen_concat_37f6291e88'
INFO: [VRFC 10-3107] analyzing entity 'sysgen_concat_5a10a444ad'
INFO: [VRFC 10-3107] analyzing entity 'sysgen_concat_b529072b9e'
INFO: [VRFC 10-3107] analyzing entity 'sysgen_concat_85959ed1da'
INFO: [VRFC 10-3107] analyzing entity 'sysgen_concat_17df5a4ae5'
INFO: [VRFC 10-3107] analyzing entity 'sysgen_concat_d7b816bdcb'
INFO: [VRFC 10-3107] analyzing entity 'sysgen_concat_372df6fcbc'
INFO: [VRFC 10-3107] analyzing entity 'sysgen_reinterpret_b57ee9cf52'
INFO: [VRFC 10-3107] analyzing entity 'sysgen_logical_5c73192866'
INFO: [VRFC 10-3107] analyzing entity 'sysgen_logical_187ef03695'
INFO: [VRFC 10-3107] analyzing entity 'sysgen_logical_f80f227fa6'
INFO: [VRFC 10-3107] analyzing entity 'sysgen_constant_f6b11eae8b'
INFO: [VRFC 10-3107] analyzing entity 'sysgen_constant_cb905c4be2'
INFO: [VRFC 10-3107] analyzing entity 'sysgen_constant_172d29437e'
INFO: [VRFC 10-3107] analyzing entity 'sysgen_constant_dce4a2ea90'
INFO: [VRFC 10-3107] analyzing entity 'sysgen_constant_fca4f3c2ef'
INFO: [VRFC 10-3107] analyzing entity 'sysgen_constant_c06e3df6fc'
INFO: [VRFC 10-3107] analyzing entity 'sysgen_constant_7614cf1f09'
INFO: [VRFC 10-3107] analyzing entity 'sysgen_constant_5e79781bbb'
INFO: [VRFC 10-3107] analyzing entity 'sysgen_constant_d67c254156'
INFO: [VRFC 10-3107] analyzing entity 'sysgen_constant_0097c372d1'
INFO: [VRFC 10-3107] analyzing entity 'sysgen_concat_1bf7aa42d3'
INFO: [VRFC 10-3107] analyzing entity 'sysgen_concat_21c6e0e140'
INFO: [VRFC 10-3107] analyzing entity 'sysgen_constant_74417adc00'
INFO: [VRFC 10-3107] analyzing entity 'sysgen_concat_b4b291b370'
INFO: [VRFC 10-3107] analyzing entity 'sysgen_concat_343efb85f3'
INFO: [VRFC 10-3107] analyzing entity 'sysgen_concat_c3541628b0'
INFO: [VRFC 10-3107] analyzing entity 'sysgen_concat_f04872fa1b'
INFO: [VRFC 10-3107] analyzing entity 'sysgen_concat_73b7142502'
INFO: [VRFC 10-3107] analyzing entity 'sysgen_concat_8ec954c4ee'
INFO: [VRFC 10-3107] analyzing entity 'sysgen_concat_d4fa27c29f'
INFO: [VRFC 10-3107] analyzing entity 'sysgen_concat_6b1968886e'
INFO: [VRFC 10-3107] analyzing entity 'sysgen_reinterpret_3edf10c8cc'
INFO: [VRFC 10-3107] analyzing entity 'sysgen_constant_03d0237534'
INFO: [VRFC 10-3107] analyzing entity 'sysgen_constant_6a0f3dc5c5'
INFO: [VRFC 10-3107] analyzing entity 'model_xladdsub'
INFO: [VRFC 10-3107] analyzing entity 'model_xlcounter_limit'
INFO: [VRFC 10-3107] analyzing entity 'model_xlmult'
INFO: [VRFC 10-3107] analyzing entity 'model_xlsprom_dist'
INFO: [VRFC 10-163] Analyzing VHDL file "C:/Users/Projet/Desktop/Recherche/gallay_DACGenesys2/workspace/DACZC706/DACZC706.ip_user_files/ipstatic/xil_defaultlib/hdl/model.vhd" into library xil_defaultlib
INFO: [VRFC 10-3107] analyzing entity 'model_pmtx_row1'
INFO: [VRFC 10-3107] analyzing entity 'model_pmtx_row2'
INFO: [VRFC 10-3107] analyzing entity 'model_pmtx_row3'
INFO: [VRFC 10-3107] analyzing entity 'model_pmtx_row4'
INFO: [VRFC 10-3107] analyzing entity 'model_p_mtxrom'
INFO: [VRFC 10-3107] analyzing entity 'model_subsystem'
INFO: [VRFC 10-3107] analyzing entity 'model_subsystem1'
INFO: [VRFC 10-3107] analyzing entity 'model_subsystem2'
INFO: [VRFC 10-3107] analyzing entity 'model_subsystem3'
INFO: [VRFC 10-3107] analyzing entity 'model_comb_0'
INFO: [VRFC 10-3107] analyzing entity 'model_subsystem_x0'
INFO: [VRFC 10-3107] analyzing entity 'model_subsystem1_x0'
INFO: [VRFC 10-3107] analyzing entity 'model_subsystem2_x0'
INFO: [VRFC 10-3107] analyzing entity 'model_subsystem3_x0'
INFO: [VRFC 10-3107] analyzing entity 'model_comb_1'
INFO: [VRFC 10-3107] analyzing entity 'model_subsystem_x1'
INFO: [VRFC 10-3107] analyzing entity 'model_subsystem1_x1'
INFO: [VRFC 10-3107] analyzing entity 'model_subsystem2_x1'
INFO: [VRFC 10-3107] analyzing entity 'model_subsystem3_x1'
INFO: [VRFC 10-3107] analyzing entity 'model_comb_2'
INFO: [VRFC 10-3107] analyzing entity 'model_subsystem_x2'
INFO: [VRFC 10-3107] analyzing entity 'model_subsystem1_x2'
INFO: [VRFC 10-3107] analyzing entity 'model_subsystem2_x2'
INFO: [VRFC 10-3107] analyzing entity 'model_subsystem3_x2'
INFO: [VRFC 10-3107] analyzing entity 'model_comb_24'
INFO: [VRFC 10-3107] analyzing entity 'model_subsystem_x3'
INFO: [VRFC 10-3107] analyzing entity 'model_subsystem1_x3'
INFO: [VRFC 10-3107] analyzing entity 'model_subsystem2_x3'
INFO: [VRFC 10-3107] analyzing entity 'model_subsystem3_x3'
INFO: [VRFC 10-3107] analyzing entity 'model_comb_25'
INFO: [VRFC 10-3107] analyzing entity 'model_subsystem_x4'
INFO: [VRFC 10-3107] analyzing entity 'model_subsystem1_x4'
INFO: [VRFC 10-3107] analyzing entity 'model_subsystem2_x4'
INFO: [VRFC 10-3107] analyzing entity 'model_subsystem3_x4'
INFO: [VRFC 10-3107] analyzing entity 'model_comb_26'
INFO: [VRFC 10-3107] analyzing entity 'model_subsystem_x5'
INFO: [VRFC 10-3107] analyzing entity 'model_subsystem1_x5'
INFO: [VRFC 10-3107] analyzing entity 'model_subsystem2_x5'
INFO: [VRFC 10-3107] analyzing entity 'model_subsystem3_x5'
INFO: [VRFC 10-3107] analyzing entity 'model_comb_27'
INFO: [VRFC 10-3107] analyzing entity 'model_subsystem_x6'
INFO: [VRFC 10-3107] analyzing entity 'model_subsystem1_x6'
INFO: [VRFC 10-3107] analyzing entity 'model_subsystem2_x6'
INFO: [VRFC 10-3107] analyzing entity 'model_subsystem3_x6'
INFO: [VRFC 10-3107] analyzing entity 'model_comb_3'
INFO: [VRFC 10-3107] analyzing entity 'model_subsystem_x7'
INFO: [VRFC 10-3107] analyzing entity 'model_subsystem1_x7'
INFO: [VRFC 10-3107] analyzing entity 'model_subsystem2_x7'
INFO: [VRFC 10-3107] analyzing entity 'model_subsystem3_x7'
INFO: [VRFC 10-3107] analyzing entity 'model_comb_36'
INFO: [VRFC 10-3107] analyzing entity 'model_subsystem_x8'
INFO: [VRFC 10-3107] analyzing entity 'model_subsystem1_x8'
INFO: [VRFC 10-3107] analyzing entity 'model_subsystem2_x8'
INFO: [VRFC 10-3107] analyzing entity 'model_subsystem3_x8'
INFO: [VRFC 10-3107] analyzing entity 'model_comb_37'
INFO: [VRFC 10-3107] analyzing entity 'model_subsystem_x9'
INFO: [VRFC 10-3107] analyzing entity 'model_subsystem1_x9'
INFO: [VRFC 10-3107] analyzing entity 'model_subsystem2_x9'
INFO: [VRFC 10-3107] analyzing entity 'model_subsystem3_x9'
INFO: [VRFC 10-3107] analyzing entity 'model_comb_38'
INFO: [VRFC 10-3107] analyzing entity 'model_subsystem_x10'
INFO: [VRFC 10-3107] analyzing entity 'model_subsystem1_x10'
INFO: [VRFC 10-3107] analyzing entity 'model_subsystem2_x10'
INFO: [VRFC 10-3107] analyzing entity 'model_subsystem3_x10'
INFO: [VRFC 10-3107] analyzing entity 'model_comb_39'
INFO: [VRFC 10-3107] analyzing entity 'model_subsystem_x11'
INFO: [VRFC 10-3107] analyzing entity 'model_subsystem1_x11'
INFO: [VRFC 10-3107] analyzing entity 'model_subsystem2_x11'
INFO: [VRFC 10-3107] analyzing entity 'model_subsystem3_x11'
INFO: [VRFC 10-3107] analyzing entity 'model_comb_60'
INFO: [VRFC 10-3107] analyzing entity 'model_subsystem_x12'
INFO: [VRFC 10-3107] analyzing entity 'model_subsystem1_x12'
INFO: [VRFC 10-3107] analyzing entity 'model_subsystem2_x12'
INFO: [VRFC 10-3107] analyzing entity 'model_subsystem3_x12'
INFO: [VRFC 10-3107] analyzing entity 'model_comb_61'
INFO: [VRFC 10-3107] analyzing entity 'model_subsystem_x13'
INFO: [VRFC 10-3107] analyzing entity 'model_subsystem1_x13'
INFO: [VRFC 10-3107] analyzing entity 'model_subsystem2_x13'
INFO: [VRFC 10-3107] analyzing entity 'model_subsystem3_x13'
INFO: [VRFC 10-3107] analyzing entity 'model_comb_62'
INFO: [VRFC 10-3107] analyzing entity 'model_subsystem_x14'
INFO: [VRFC 10-3107] analyzing entity 'model_subsystem1_x14'
INFO: [VRFC 10-3107] analyzing entity 'model_subsystem2_x14'
INFO: [VRFC 10-3107] analyzing entity 'model_subsystem3_x14'
INFO: [VRFC 10-3107] analyzing entity 'model_comb_63'
INFO: [VRFC 10-3107] analyzing entity 'model_diodestate'
INFO: [VRFC 10-3107] analyzing entity 'model_subsystem_x15'
INFO: [VRFC 10-3107] analyzing entity 'model_subsystem2_x16'
INFO: [VRFC 10-3107] analyzing entity 'model_subsystem3_x15'
INFO: [VRFC 10-3107] analyzing entity 'model_subsystem4_x0'
INFO: [VRFC 10-3107] analyzing entity 'model_subsystem5'
INFO: [VRFC 10-3107] analyzing entity 'model_subsystem6'
INFO: [VRFC 10-3107] analyzing entity 'model_subsystem7'
INFO: [VRFC 10-3107] analyzing entity 'model_subsystem8'
INFO: [VRFC 10-3107] analyzing entity 'model_subsystem2_x15'
INFO: [VRFC 10-3107] analyzing entity 'model_subsystem_x16'
INFO: [VRFC 10-3107] analyzing entity 'model_subsystem2_x17'
INFO: [VRFC 10-3107] analyzing entity 'model_subsystem3_x17'
INFO: [VRFC 10-3107] analyzing entity 'model_subsystem4_x1'
INFO: [VRFC 10-3107] analyzing entity 'model_subsystem5_x0'
INFO: [VRFC 10-3107] analyzing entity 'model_subsystem6_x0'
INFO: [VRFC 10-3107] analyzing entity 'model_subsystem7_x0'
INFO: [VRFC 10-3107] analyzing entity 'model_subsystem8_x0'
INFO: [VRFC 10-3107] analyzing entity 'model_subsystem3_x16'
INFO: [VRFC 10-3107] analyzing entity 'model_subsystem_x17'
INFO: [VRFC 10-3107] analyzing entity 'model_subsystem2_x18'
INFO: [VRFC 10-3107] analyzing entity 'model_subsystem3_x18'
INFO: [VRFC 10-3107] analyzing entity 'model_subsystem4'
INFO: [VRFC 10-3107] analyzing entity 'model_subsystem5_x1'
INFO: [VRFC 10-3107] analyzing entity 'model_subsystem6_x1'
INFO: [VRFC 10-3107] analyzing entity 'model_subsystem7_x1'
INFO: [VRFC 10-3107] analyzing entity 'model_subsystem8_x1'
INFO: [VRFC 10-3107] analyzing entity 'model_subsystem4_x2'
INFO: [VRFC 10-3107] analyzing entity 'model_subsystem_x18'
INFO: [VRFC 10-3107] analyzing entity 'model_subsystem2_x19'
INFO: [VRFC 10-3107] analyzing entity 'model_subsystem3_x19'
INFO: [VRFC 10-3107] analyzing entity 'model_subsystem4_x4'
INFO: [VRFC 10-3107] analyzing entity 'model_subsystem5_x2'
INFO: [VRFC 10-3107] analyzing entity 'model_subsystem6_x2'
INFO: [VRFC 10-3107] analyzing entity 'model_subsystem7_x2'
INFO: [VRFC 10-3107] analyzing entity 'model_subsystem8_x2'
INFO: [VRFC 10-3107] analyzing entity 'model_subsystem9'
INFO: [VRFC 10-3107] analyzing entity 'model_ieinterprte_slice_1'
INFO: [VRFC 10-3107] analyzing entity 'model_reintrprete_block1'
INFO: [VRFC 10-3107] analyzing entity 'model_reintrprete_block2'
INFO: [VRFC 10-3107] analyzing entity 'model_reintrprete_block3'
INFO: [VRFC 10-3107] analyzing entity 'model_reintrprete_block4'
INFO: [VRFC 10-3107] analyzing entity 'model_reintrprete_block5'
INFO: [VRFC 10-3107] analyzing entity 'model_reintrprete_block6'
INFO: [VRFC 10-3107] analyzing entity 'model_subsystem_x19'
INFO: [VRFC 10-3107] analyzing entity 'model_dpunit_rec_ibc1'
INFO: [VRFC 10-3107] analyzing entity 'model_ieinterprte_slice_1_x0'
INFO: [VRFC 10-3107] analyzing entity 'model_reintrprete_block1_x0'
INFO: [VRFC 10-3107] analyzing entity 'model_reintrprete_block2_x0'
INFO: [VRFC 10-3107] analyzing entity 'model_reintrprete_block3_x0'
INFO: [VRFC 10-3107] analyzing entity 'model_reintrprete_block4_x0'
INFO: [VRFC 10-3107] analyzing entity 'model_reintrprete_block5_x0'
INFO: [VRFC 10-3107] analyzing entity 'model_reintrprete_block6_x0'
INFO: [VRFC 10-3107] analyzing entity 'model_subsystem_x20'
INFO: [VRFC 10-3107] analyzing entity 'model_dpunit_rec_ibc2'
INFO: [VRFC 10-3107] analyzing entity 'model_ieinterprte_slice_1_x1'
INFO: [VRFC 10-3107] analyzing entity 'model_reintrprete_block1_x1'
INFO: [VRFC 10-3107] analyzing entity 'model_reintrprete_block2_x1'
INFO: [VRFC 10-3107] analyzing entity 'model_reintrprete_block3_x1'
INFO: [VRFC 10-3107] analyzing entity 'model_reintrprete_block4_x1'
INFO: [VRFC 10-3107] analyzing entity 'model_reintrprete_block5_x1'
INFO: [VRFC 10-3107] analyzing entity 'model_reintrprete_block6_x1'
INFO: [VRFC 10-3107] analyzing entity 'model_subsystem_x21'
INFO: [VRFC 10-3107] analyzing entity 'model_dpunit_rec_ibc3'
INFO: [VRFC 10-3107] analyzing entity 'model_ieinterprte_slice_1_x2'
INFO: [VRFC 10-3107] analyzing entity 'model_reintrprete_block1_x2'
INFO: [VRFC 10-3107] analyzing entity 'model_reintrprete_block2_x2'
INFO: [VRFC 10-3107] analyzing entity 'model_reintrprete_block3_x2'
INFO: [VRFC 10-3107] analyzing entity 'model_reintrprete_block4_x2'
INFO: [VRFC 10-3107] analyzing entity 'model_reintrprete_block5_x2'
INFO: [VRFC 10-3107] analyzing entity 'model_reintrprete_block6_x2'
INFO: [VRFC 10-3107] analyzing entity 'model_subsystem_x22'
INFO: [VRFC 10-3107] analyzing entity 'model_dpunit_rec_ibc4'
INFO: [VRFC 10-3107] analyzing entity 'model_pxz'
INFO: [VRFC 10-3107] analyzing entity 'model_dmm_ibc'
INFO: [VRFC 10-3107] analyzing entity 'model_rom_nortonibc'
INFO: [VRFC 10-3107] analyzing entity 'model_subsystem_x23'
INFO: [VRFC 10-3107] analyzing entity 'model_subsystem_x24'
INFO: [VRFC 10-3107] analyzing entity 'model_subsystem1_x15'
INFO: [VRFC 10-3107] analyzing entity 'model_subsystem2_x20'
INFO: [VRFC 10-3107] analyzing entity 'model_subsystem3_x20'
INFO: [VRFC 10-3107] analyzing entity 'model_rectifier_diode'
INFO: [VRFC 10-3107] analyzing entity 'model_output'
INFO: [VRFC 10-3107] analyzing entity 'model_z_generattion2'
INFO: [VRFC 10-3107] analyzing entity 'model_ieinterprte_slice'
INFO: [VRFC 10-3107] analyzing entity 'model_reintrprete_block'
INFO: [VRFC 10-3107] analyzing entity 'model_reintrprete_block1_x3'
INFO: [VRFC 10-3107] analyzing entity 'model_reintrprete_block2_x3'
INFO: [VRFC 10-3107] analyzing entity 'model_reintrprete_block3_x3'
INFO: [VRFC 10-3107] analyzing entity 'model_reintrprete_block4_x3'
INFO: [VRFC 10-3107] analyzing entity 'model_subsystem_x25'
INFO: [VRFC 10-3107] analyzing entity 'model_dpunit_rec_ibc'
INFO: [VRFC 10-3107] analyzing entity 'model_dmm_norton_ibc'
INFO: [VRFC 10-3107] analyzing entity 'model_pmtx_row1_x0'
INFO: [VRFC 10-3107] analyzing entity 'model_pmtx_row2_x0'
INFO: [VRFC 10-3107] analyzing entity 'model_pmtx_row3_x0'
INFO: [VRFC 10-3107] analyzing entity 'model_pmtx_row4_x0'
INFO: [VRFC 10-3107] analyzing entity 'model_p_mtxrom_llc'
INFO: [VRFC 10-3107] analyzing entity 'model_inverter'
INFO: [VRFC 10-3107] analyzing entity 'model_subsystem_x26'
INFO: [VRFC 10-3107] analyzing entity 'model_subsystem2_x22'
INFO: [VRFC 10-3107] analyzing entity 'model_subsystem3_x21'
INFO: [VRFC 10-3107] analyzing entity 'model_subsystem4_x5'
INFO: [VRFC 10-3107] analyzing entity 'model_subsystem5_x3'
INFO: [VRFC 10-3107] analyzing entity 'model_subsystem6_x3'
INFO: [VRFC 10-3107] analyzing entity 'model_subsystem7_x3'
INFO: [VRFC 10-3107] analyzing entity 'model_subsystem8_x3'
INFO: [VRFC 10-3107] analyzing entity 'model_subsystem2_x21'
INFO: [VRFC 10-3107] analyzing entity 'model_subsystem_x27'
INFO: [VRFC 10-3107] analyzing entity 'model_subsystem2_x23'
INFO: [VRFC 10-3107] analyzing entity 'model_subsystem3_x23'
INFO: [VRFC 10-3107] analyzing entity 'model_subsystem4_x6'
INFO: [VRFC 10-3107] analyzing entity 'model_subsystem5_x4'
INFO: [VRFC 10-3107] analyzing entity 'model_subsystem6_x4'
INFO: [VRFC 10-3107] analyzing entity 'model_subsystem7_x4'
INFO: [VRFC 10-3107] analyzing entity 'model_subsystem8_x4'
INFO: [VRFC 10-3107] analyzing entity 'model_subsystem3_x22'
INFO: [VRFC 10-3107] analyzing entity 'model_subsystem_x28'
INFO: [VRFC 10-3107] analyzing entity 'model_subsystem2_x24'
INFO: [VRFC 10-3107] analyzing entity 'model_subsystem3_x24'
INFO: [VRFC 10-3107] analyzing entity 'model_subsystem4_x8'
INFO: [VRFC 10-3107] analyzing entity 'model_subsystem5_x5'
INFO: [VRFC 10-3107] analyzing entity 'model_subsystem6_x5'
INFO: [VRFC 10-3107] analyzing entity 'model_subsystem7_x5'
INFO: [VRFC 10-3107] analyzing entity 'model_subsystem8_x5'
INFO: [VRFC 10-3107] analyzing entity 'model_subsystem4_x7'
INFO: [VRFC 10-3107] analyzing entity 'model_subsystem_x29'
INFO: [VRFC 10-3107] analyzing entity 'model_subsystem2_x25'
INFO: [VRFC 10-3107] analyzing entity 'model_subsystem3_x25'
INFO: [VRFC 10-3107] analyzing entity 'model_subsystem4_x9'
INFO: [VRFC 10-3107] analyzing entity 'model_subsystem5_x6'
INFO: [VRFC 10-3107] analyzing entity 'model_subsystem6_x6'
INFO: [VRFC 10-3107] analyzing entity 'model_subsystem7_x6'
INFO: [VRFC 10-3107] analyzing entity 'model_subsystem8_x6'
INFO: [VRFC 10-3107] analyzing entity 'model_subsystem9_x0'
INFO: [VRFC 10-3107] analyzing entity 'model_subsystem_x30'
INFO: [VRFC 10-3107] analyzing entity 'model_reinterprete'
INFO: [VRFC 10-3107] analyzing entity 'model_reinterprete1'
INFO: [VRFC 10-3107] analyzing entity 'model_reinterprete10'
INFO: [VRFC 10-3107] analyzing entity 'model_reinterprete2'
INFO: [VRFC 10-3107] analyzing entity 'model_reinterprete3'
INFO: [VRFC 10-3107] analyzing entity 'model_reinterprete4'
INFO: [VRFC 10-3107] analyzing entity 'model_reinterprete5'
INFO: [VRFC 10-3107] analyzing entity 'model_reinterprete6'
INFO: [VRFC 10-3107] analyzing entity 'model_reinterprete7'
INFO: [VRFC 10-3107] analyzing entity 'model_reinterprete8'
INFO: [VRFC 10-3107] analyzing entity 'model_reinterprete9'
INFO: [VRFC 10-3107] analyzing entity 'model_subsystem1_x16'
INFO: [VRFC 10-3107] analyzing entity 'model_dpunit'
INFO: [VRFC 10-3107] analyzing entity 'model_subsystem_x31'
INFO: [VRFC 10-3107] analyzing entity 'model_reinterprete_x0'
INFO: [VRFC 10-3107] analyzing entity 'model_reinterprete1_x0'
INFO: [VRFC 10-3107] analyzing entity 'model_reinterprete10_x0'
INFO: [VRFC 10-3107] analyzing entity 'model_reinterprete2_x0'
INFO: [VRFC 10-3107] analyzing entity 'model_reinterprete3_x0'
INFO: [VRFC 10-3107] analyzing entity 'model_reinterprete4_x0'
INFO: [VRFC 10-3107] analyzing entity 'model_reinterprete5_x0'
INFO: [VRFC 10-3107] analyzing entity 'model_reinterprete6_x0'
INFO: [VRFC 10-3107] analyzing entity 'model_reinterprete7_x0'
INFO: [VRFC 10-3107] analyzing entity 'model_reinterprete8_x0'
INFO: [VRFC 10-3107] analyzing entity 'model_reinterprete9_x0'
INFO: [VRFC 10-3107] analyzing entity 'model_subsystem1_x17'
INFO: [VRFC 10-3107] analyzing entity 'model_dpunit1'
INFO: [VRFC 10-3107] analyzing entity 'model_subsystem_x32'
INFO: [VRFC 10-3107] analyzing entity 'model_reinterprete_x1'
INFO: [VRFC 10-3107] analyzing entity 'model_reinterprete1_x1'
INFO: [VRFC 10-3107] analyzing entity 'model_reinterprete10_x1'
INFO: [VRFC 10-3107] analyzing entity 'model_reinterprete2_x1'
INFO: [VRFC 10-3107] analyzing entity 'model_reinterprete3_x1'
INFO: [VRFC 10-3107] analyzing entity 'model_reinterprete4_x1'
INFO: [VRFC 10-3107] analyzing entity 'model_reinterprete5_x1'
INFO: [VRFC 10-3107] analyzing entity 'model_reinterprete6_x1'
INFO: [VRFC 10-3107] analyzing entity 'model_reinterprete7_x1'
INFO: [VRFC 10-3107] analyzing entity 'model_reinterprete8_x1'
INFO: [VRFC 10-3107] analyzing entity 'model_reinterprete9_x1'
INFO: [VRFC 10-3107] analyzing entity 'model_subsystem1_x18'
INFO: [VRFC 10-3107] analyzing entity 'model_dpunit2'
INFO: [VRFC 10-3107] analyzing entity 'model_subsystem_x33'
INFO: [VRFC 10-3107] analyzing entity 'model_reinterprete_x2'
INFO: [VRFC 10-3107] analyzing entity 'model_reinterprete1_x2'
INFO: [VRFC 10-3107] analyzing entity 'model_reinterprete10_x2'
INFO: [VRFC 10-3107] analyzing entity 'model_reinterprete2_x2'
INFO: [VRFC 10-3107] analyzing entity 'model_reinterprete3_x2'
INFO: [VRFC 10-3107] analyzing entity 'model_reinterprete4_x2'
INFO: [VRFC 10-3107] analyzing entity 'model_reinterprete5_x2'
INFO: [VRFC 10-3107] analyzing entity 'model_reinterprete6_x2'
INFO: [VRFC 10-3107] analyzing entity 'model_reinterprete7_x2'
INFO: [VRFC 10-3107] analyzing entity 'model_reinterprete8_x2'
INFO: [VRFC 10-3107] analyzing entity 'model_reinterprete9_x2'
INFO: [VRFC 10-3107] analyzing entity 'model_subsystem1_x19'
INFO: [VRFC 10-3107] analyzing entity 'model_dpunit3'
INFO: [VRFC 10-3107] analyzing entity 'model_pxz_llc'
INFO: [VRFC 10-3107] analyzing entity 'model_subsystem_x34'
INFO: [VRFC 10-3107] analyzing entity 'model_subsystem1_x20'
INFO: [VRFC 10-3107] analyzing entity 'model_subsystem2_x26'
INFO: [VRFC 10-3107] analyzing entity 'model_subsystem3_x26'
INFO: [VRFC 10-3107] analyzing entity 'model_subsystem4_x10'
INFO: [VRFC 10-3107] analyzing entity 'model_subsystem5_x7'
INFO: [VRFC 10-3107] analyzing entity 'model_comb_0_x0'
INFO: [VRFC 10-3107] analyzing entity 'model_subsystem_x35'
INFO: [VRFC 10-3107] analyzing entity 'model_subsystem1_x21'
INFO: [VRFC 10-3107] analyzing entity 'model_subsystem2_x27'
INFO: [VRFC 10-3107] analyzing entity 'model_comb_1_x0'
INFO: [VRFC 10-3107] analyzing entity 'model_subsystem_x36'
INFO: [VRFC 10-3107] analyzing entity 'model_subsystem1_x22'
INFO: [VRFC 10-3107] analyzing entity 'model_subsystem2_x28'
INFO: [VRFC 10-3107] analyzing entity 'model_comb_16'
INFO: [VRFC 10-3107] analyzing entity 'model_subsystem_x37'
INFO: [VRFC 10-3107] analyzing entity 'model_subsystem1_x23'
INFO: [VRFC 10-3107] analyzing entity 'model_subsystem2_x29'
INFO: [VRFC 10-3107] analyzing entity 'model_subsystem3_x27'
INFO: [VRFC 10-3107] analyzing entity 'model_comb_18'
INFO: [VRFC 10-3107] analyzing entity 'model_subsystem_x38'
INFO: [VRFC 10-3107] analyzing entity 'model_subsystem1_x24'
INFO: [VRFC 10-3107] analyzing entity 'model_subsystem2_x30'
INFO: [VRFC 10-3107] analyzing entity 'model_comb_2_x0'
INFO: [VRFC 10-3107] analyzing entity 'model_subsystem_x39'
INFO: [VRFC 10-3107] analyzing entity 'model_subsystem1_x25'
INFO: [VRFC 10-3107] analyzing entity 'model_comb_22'
INFO: [VRFC 10-3107] analyzing entity 'model_subsystem_x40'
INFO: [VRFC 10-3107] analyzing entity 'model_subsystem1_x26'
INFO: [VRFC 10-3107] analyzing entity 'model_subsystem2_x31'
INFO: [VRFC 10-3107] analyzing entity 'model_subsystem3_x28'
INFO: [VRFC 10-3107] analyzing entity 'model_comb_24_x0'
INFO: [VRFC 10-3107] analyzing entity 'model_subsystem_x41'
INFO: [VRFC 10-3107] analyzing entity 'model_subsystem1_x27'
INFO: [VRFC 10-3107] analyzing entity 'model_comb_25_x0'
INFO: [VRFC 10-3107] analyzing entity 'model_subsystem_x42'
INFO: [VRFC 10-3107] analyzing entity 'model_subsystem1_x28'
INFO: [VRFC 10-3107] analyzing entity 'model_comb_26_x0'
INFO: [VRFC 10-3107] analyzing entity 'model_subsystem_x43'
INFO: [VRFC 10-3107] analyzing entity 'model_subsystem1_x29'
INFO: [VRFC 10-3107] analyzing entity 'model_subsystem2_x32'
INFO: [VRFC 10-3107] analyzing entity 'model_comb_32'
INFO: [VRFC 10-3107] analyzing entity 'model_subsystem_x44'
INFO: [VRFC 10-3107] analyzing entity 'model_subsystem1_x30'
INFO: [VRFC 10-3107] analyzing entity 'model_subsystem2_x33'
INFO: [VRFC 10-3107] analyzing entity 'model_subsystem3_x29'
INFO: [VRFC 10-3107] analyzing entity 'model_comb_33'
INFO: [VRFC 10-3107] analyzing entity 'model_subsystem_x45'
INFO: [VRFC 10-3107] analyzing entity 'model_subsystem1_x31'
INFO: [VRFC 10-3107] analyzing entity 'model_subsystem2_x34'
INFO: [VRFC 10-3107] analyzing entity 'model_subsystem3_x30'
INFO: [VRFC 10-3107] analyzing entity 'model_comb_36_x0'
INFO: [VRFC 10-3107] analyzing entity 'model_subsystem_x46'
INFO: [VRFC 10-3107] analyzing entity 'model_subsystem1_x32'
INFO: [VRFC 10-3107] analyzing entity 'model_comb_37_x0'
INFO: [VRFC 10-3107] analyzing entity 'model_subsystem_x47'
INFO: [VRFC 10-3107] analyzing entity 'model_subsystem1_x33'
INFO: [VRFC 10-3107] analyzing entity 'model_comb_38_x0'
INFO: [VRFC 10-3107] analyzing entity 'model_subsystem_x48'
INFO: [VRFC 10-3107] analyzing entity 'model_subsystem1_x34'
INFO: [VRFC 10-3107] analyzing entity 'model_subsystem2_x35'
INFO: [VRFC 10-3107] analyzing entity 'model_comb_4'
INFO: [VRFC 10-3107] analyzing entity 'model_subsystem_x49'
INFO: [VRFC 10-3107] analyzing entity 'model_subsystem1_x35'
INFO: [VRFC 10-3107] analyzing entity 'model_comb_41'
INFO: [VRFC 10-3107] analyzing entity 'model_subsystem_x50'
INFO: [VRFC 10-3107] analyzing entity 'model_subsystem1_x36'
INFO: [VRFC 10-3107] analyzing entity 'model_subsystem2_x36'
INFO: [VRFC 10-3107] analyzing entity 'model_subsystem3_x31'
INFO: [VRFC 10-3107] analyzing entity 'model_comb_6'
INFO: [VRFC 10-3107] analyzing entity 'model_subsystem_x51'
INFO: [VRFC 10-3107] analyzing entity 'model_subsystem1_x37'
INFO: [VRFC 10-3107] analyzing entity 'model_subsystem2_x37'
INFO: [VRFC 10-3107] analyzing entity 'model_comb_8'
INFO: [VRFC 10-3107] analyzing entity 'model_subsystem_x52'
INFO: [VRFC 10-3107] analyzing entity 'model_subsystem1_x38'
INFO: [VRFC 10-3107] analyzing entity 'model_subsystem2_x38'
INFO: [VRFC 10-3107] analyzing entity 'model_subsystem3_x32'
INFO: [VRFC 10-3107] analyzing entity 'model_comb_9'
INFO: [VRFC 10-3107] analyzing entity 'model_rec3ph_diodestate'
INFO: [VRFC 10-3107] analyzing entity 'model_dmm_llc'
INFO: [VRFC 10-3107] analyzing entity 'model_rom_nortonllc'
INFO: [VRFC 10-3107] analyzing entity 'model_subsystem_x53'
INFO: [VRFC 10-3107] analyzing entity 'model_reinterprete_x3'
INFO: [VRFC 10-3107] analyzing entity 'model_reinterprete1_x3'
INFO: [VRFC 10-3107] analyzing entity 'model_reinterprete2_x3'
INFO: [VRFC 10-3107] analyzing entity 'model_reinterprete3_x3'
INFO: [VRFC 10-3107] analyzing entity 'model_reinterprete4_x3'
INFO: [VRFC 10-3107] analyzing entity 'model_reinterprete5_x3'
INFO: [VRFC 10-3107] analyzing entity 'model_reinterprete6_x3'
INFO: [VRFC 10-3107] analyzing entity 'model_reinterprete7_x3'
INFO: [VRFC 10-3107] analyzing entity 'model_reinterprete8_x3'
INFO: [VRFC 10-3107] analyzing entity 'model_reinterprete9_x3'
INFO: [VRFC 10-3107] analyzing entity 'model_subsystem1_x39'
INFO: [VRFC 10-3107] analyzing entity 'model_dpunit1_x0'
INFO: [VRFC 10-3107] analyzing entity 'model_subsystem_x54'
INFO: [VRFC 10-3107] analyzing entity 'model_subsystem1_x41'
INFO: [VRFC 10-3107] analyzing entity 'model_subsystem2_x39'
INFO: [VRFC 10-3107] analyzing entity 'model_subsystem3_x33'
INFO: [VRFC 10-3107] analyzing entity 'model_subsystem4_x11'
INFO: [VRFC 10-3107] analyzing entity 'model_first5'
INFO: [VRFC 10-3107] analyzing entity 'model_subsystem_x55'
INFO: [VRFC 10-3107] analyzing entity 'model_subsystem1_x42'
INFO: [VRFC 10-3107] analyzing entity 'model_subsystem2_x40'
INFO: [VRFC 10-3107] analyzing entity 'model_subsystem3_x34'
INFO: [VRFC 10-3107] analyzing entity 'model_subsystem4_x12'
INFO: [VRFC 10-3107] analyzing entity 'model_second5'
INFO: [VRFC 10-3107] analyzing entity 'model_subsystem1_x40'
INFO: [VRFC 10-3107] analyzing entity 'model_state_llc'
INFO: [VRFC 10-3107] analyzing entity 'model_dmm_norton_llc'
INFO: [VRFC 10-3107] analyzing entity 'model_subsystem5_x8'
INFO: [VRFC 10-3107] analyzing entity 'model_ibc_gate_signal'
INFO: [VRFC 10-3107] analyzing entity 'model_w_recibc1'
INFO: [VRFC 10-3107] analyzing entity 'model_z_ibc'
INFO: [VRFC 10-3107] analyzing entity 'model_ieinterprte_slice_x0'
INFO: [VRFC 10-3107] analyzing entity 'model_reintrprete_block_x0'
INFO: [VRFC 10-3107] analyzing entity 'model_reintrprete_block1_x4'
INFO: [VRFC 10-3107] analyzing entity 'model_reintrprete_block2_x4'
INFO: [VRFC 10-3107] analyzing entity 'model_reintrprete_block3_x4'
INFO: [VRFC 10-3107] analyzing entity 'model_reintrprete_block4_x4'
INFO: [VRFC 10-3107] analyzing entity 'model_subsystem_x56'
INFO: [VRFC 10-3107] analyzing entity 'model_dpunit_rec_ibc2_x0'
INFO: [VRFC 10-3107] analyzing entity 'model_ibc_solver'
INFO: [VRFC 10-3107] analyzing entity 'model_w_row1_5'
INFO: [VRFC 10-3107] analyzing entity 'model_w_row6_10'
INFO: [VRFC 10-3107] analyzing entity 'model_rom_w'
INFO: [VRFC 10-3107] analyzing entity 'model_z_llc'
INFO: [VRFC 10-3107] analyzing entity 'model_subsystem_x57'
INFO: [VRFC 10-3107] analyzing entity 'model_reinterprete_x4'
INFO: [VRFC 10-3107] analyzing entity 'model_reinterprete1_x4'
INFO: [VRFC 10-3107] analyzing entity 'model_reinterprete10_x3'
INFO: [VRFC 10-3107] analyzing entity 'model_reinterprete2_x4'
INFO: [VRFC 10-3107] analyzing entity 'model_reinterprete3_x4'
INFO: [VRFC 10-3107] analyzing entity 'model_reinterprete4_x4'
INFO: [VRFC 10-3107] analyzing entity 'model_reinterprete5_x4'
INFO: [VRFC 10-3107] analyzing entity 'model_reinterprete6_x4'
INFO: [VRFC 10-3107] analyzing entity 'model_reinterprete7_x4'
INFO: [VRFC 10-3107] analyzing entity 'model_reinterprete8_x4'
INFO: [VRFC 10-3107] analyzing entity 'model_reinterprete9_x4'
INFO: [VRFC 10-3107] analyzing entity 'model_subsystem1_x43'
INFO: [VRFC 10-3107] analyzing entity 'model_dpunit_x1'
INFO: [VRFC 10-3107] analyzing entity 'model_subsystem_x58'
INFO: [VRFC 10-3107] analyzing entity 'model_reinterprete_x5'
INFO: [VRFC 10-3107] analyzing entity 'model_reinterprete1_x5'
INFO: [VRFC 10-3107] analyzing entity 'model_reinterprete10_x4'
INFO: [VRFC 10-3107] analyzing entity 'model_reinterprete2_x5'
INFO: [VRFC 10-3107] analyzing entity 'model_reinterprete3_x5'
INFO: [VRFC 10-3107] analyzing entity 'model_reinterprete4_x5'
INFO: [VRFC 10-3107] analyzing entity 'model_reinterprete5_x5'
INFO: [VRFC 10-3107] analyzing entity 'model_reinterprete6_x5'
INFO: [VRFC 10-3107] analyzing entity 'model_reinterprete7_x5'
INFO: [VRFC 10-3107] analyzing entity 'model_reinterprete8_x5'
INFO: [VRFC 10-3107] analyzing entity 'model_reinterprete9_x5'
INFO: [VRFC 10-3107] analyzing entity 'model_subsystem1_x44'
INFO: [VRFC 10-3107] analyzing entity 'model_dpunit1_x1'
INFO: [VRFC 10-3107] analyzing entity 'model_dpunit_x0'
INFO: [VRFC 10-3107] analyzing entity 'model_llc_solver'
INFO: [VRFC 10-3107] analyzing entity 'model_rom_wlink'
INFO: [VRFC 10-3107] analyzing entity 'model_ieinterprte_slice_x1'
INFO: [VRFC 10-3107] analyzing entity 'model_reintrprete_block_x1'
INFO: [VRFC 10-3107] analyzing entity 'model_reintrprete_block1_x5'
INFO: [VRFC 10-3107] analyzing entity 'model_subsystem_x59'
INFO: [VRFC 10-3107] analyzing entity 'model_w_link'
INFO: [VRFC 10-3107] analyzing entity 'model_linksolver'
INFO: [VRFC 10-3107] analyzing entity 'model_subsystem5_x9'
INFO: [VRFC 10-3107] analyzing entity 'model_subsystem6_x7'
INFO: [VRFC 10-3107] analyzing entity 'model_subsystem7_x7'
INFO: [VRFC 10-3107] analyzing entity 'model_subsystem_x60'
INFO: [VRFC 10-3107] analyzing entity 'model_subsystem1_x45'
INFO: [VRFC 10-3107] analyzing entity 'model_control1'
INFO: [VRFC 10-3107] analyzing entity 'model_subsystem_x61'
INFO: [VRFC 10-3107] analyzing entity 'model_subsystem1_x46'
INFO: [VRFC 10-3107] analyzing entity 'model_subsystem2_x41'
INFO: [VRFC 10-3107] analyzing entity 'model_subsystem3_x35'
INFO: [VRFC 10-3107] analyzing entity 'model_rectifier_diode1'
INFO: [VRFC 10-3107] analyzing entity 'model_subsystem_x62'
INFO: [VRFC 10-3107] analyzing entity 'model_subsystem1_x47'
INFO: [VRFC 10-3107] analyzing entity 'model_subsystem2_x42'
INFO: [VRFC 10-3107] analyzing entity 'model_subsystem3_x36'
INFO: [VRFC 10-3107] analyzing entity 'model_subsystem4_x13'
INFO: [VRFC 10-3107] analyzing entity 'model_select'
INFO: [VRFC 10-3107] analyzing entity 'model_subsystem_x63'
INFO: [VRFC 10-3107] analyzing entity 'model_subsystem1_x48'
INFO: [VRFC 10-3107] analyzing entity 'model_subsystem2_x43'
INFO: [VRFC 10-3107] analyzing entity 'model_subsystem3_x37'
INFO: [VRFC 10-3107] analyzing entity 'model_subsystem4_x3'
INFO: [VRFC 10-3107] analyzing entity 'model_select1'
INFO: [VRFC 10-3107] analyzing entity 'model_struct'
INFO: [VRFC 10-3107] analyzing entity 'model_default_clock_driver'
INFO: [VRFC 10-3107] analyzing entity 'model'
INFO: [VRFC 10-163] Analyzing VHDL file "C:/Users/Projet/Desktop/Recherche/gallay_DACGenesys2/workspace/DACZC706/DACZC706.srcs/sources_1/ip/model_0/sim/model_0.vhd" into library xil_defaultlib
INFO: [VRFC 10-3107] analyzing entity 'model_0'
INFO: [VRFC 10-163] Analyzing VHDL file "C:/Users/Projet/Desktop/Recherche/gallay_DACGenesys2/workspace/DACZC706/DACZC706.srcs/sources_1/new/dac_toplevel.vhd" into library xil_defaultlib
INFO: [VRFC 10-3107] analyzing entity 'dac_toplevel'
