Copyright 1986-2020 Xilinx, Inc. All Rights Reserved.
-----------------------------------------------------------------------------------------
| Tool Version : Vivado v.2020.1 (win64) Build 2902540 Wed May 27 19:54:49 MDT 2020
| Date         : Sat Jun 19 17:05:21 2021
| Host         : DESKTOP-J3N7B01 running 64-bit major release  (build 9200)
| Command      : report_control_sets -verbose -file dac_toplevel_control_sets_placed.rpt
| Design       : dac_toplevel
| Device       : xc7z045
-----------------------------------------------------------------------------------------

Control Set Information

Table of Contents
-----------------
1. Summary
2. Histogram
3. Flip-Flop Distribution
4. Detailed Control Set Information

1. Summary
----------

+----------------------------------------------------------+-------+
|                          Status                          | Count |
+----------------------------------------------------------+-------+
| Total control sets                                       |   113 |
|    Minimum number of control sets                        |   113 |
|    Addition due to synthesis replication                 |     0 |
|    Addition due to physical synthesis replication        |     0 |
| Unused register locations in slices containing registers |   614 |
+----------------------------------------------------------+-------+
* Control sets can be merged at opt_design using control_set_merge or merge_equivalent_drivers
** Run report_qor_suggestions for automated merging and remapping suggestions


2. Histogram
------------

+--------------------+-------+
|       Fanout       | Count |
+--------------------+-------+
| Total control sets |   113 |
| >= 0 to < 4        |    80 |
| >= 4 to < 6        |     0 |
| >= 6 to < 8        |     1 |
| >= 8 to < 10       |     1 |
| >= 10 to < 12      |     0 |
| >= 12 to < 14      |     0 |
| >= 14 to < 16      |     0 |
| >= 16              |    31 |
+--------------------+-------+
* Control sets can be remapped at either synth_design or opt_design


3. Flip-Flop Distribution
-------------------------

+--------------+-----------------------+------------------------+-----------------+--------------+
| Clock Enable | Synchronous Set/Reset | Asynchronous Set/Reset | Total Registers | Total Slices |
+--------------+-----------------------+------------------------+-----------------+--------------+
| No           | No                    | No                     |            8932 |         2627 |
| No           | No                    | Yes                    |              16 |            7 |
| No           | Yes                   | No                     |              22 |            7 |
| Yes          | No                    | No                     |             857 |          422 |
| Yes          | No                    | Yes                    |              50 |           13 |
| Yes          | Yes                   | No                     |              45 |           15 |
+--------------+-----------------------+------------------------+-----------------+--------------+


4. Detailed Control Set Information
-----------------------------------

+---------------------------+---------------------------------------------------------------------------------------------------------------------------------------+------------------------------------------------------------------------------------------------------------------------------------+------------------+----------------+--------------+
|        Clock Signal       |                                                             Enable Signal                                                             |                                                          Set/Reset Signal                                                          | Slice Load Count | Bel Load Count | Bels / Slice |
+---------------------------+---------------------------------------------------------------------------------------------------------------------------------------+------------------------------------------------------------------------------------------------------------------------------------+------------------+----------------+--------------+
|  CLOCK_GEN/inst/clk_out1  | MODEL_GEN/U0/model_struct/dmm_norton_ibc/dmm_ibc/pxz/subsystem2/subsystem4/counter1/logical1_y_net_x2                                 |                                                                                                                                    |                1 |              1 |         1.00 |
|  CLOCK_GEN/inst/clk_out1  | MODEL_GEN/U0/model_struct/dmm_norton_llc/dmm_llc/pxz_llc/subsystem2/subsystem6/counter1/logical1_y_net_x4                             |                                                                                                                                    |                1 |              1 |         1.00 |
|  CLOCK_GEN/inst/clk_out1  | MODEL_GEN/U0/model_struct/dmm_norton_llc/dmm_llc/pxz_llc/subsystem2/subsystem7/counter1/logical1_y_net_x5                             |                                                                                                                                    |                1 |              1 |         1.00 |
|  CLOCK_GEN/inst/clk_out1  | MODEL_GEN/U0/model_struct/dmm_norton_llc/dmm_llc/pxz_llc/subsystem2/subsystem8/counter1/logical1_y_net_x6                             |                                                                                                                                    |                1 |              1 |         1.00 |
|  CLOCK_GEN/inst/clk_out1  | MODEL_GEN/U0/model_struct/dmm_norton_llc/dmm_llc/pxz_llc/subsystem3/subsystem/counter1/logical1_y_net                                 |                                                                                                                                    |                1 |              1 |         1.00 |
|  CLOCK_GEN/inst/clk_out1  | MODEL_GEN/U0/model_struct/dmm_norton_llc/dmm_llc/pxz_llc/subsystem3/subsystem2/counter1/logical1_y_net_x0                             |                                                                                                                                    |                1 |              1 |         1.00 |
|  CLOCK_GEN/inst/clk_out1  | MODEL_GEN/U0/model_struct/dmm_norton_llc/dmm_llc/pxz_llc/subsystem3/subsystem3/counter1/logical1_y_net_x1                             |                                                                                                                                    |                1 |              1 |         1.00 |
|  CLOCK_GEN/inst/clk_out1  | MODEL_GEN/U0/model_struct/dmm_norton_llc/dmm_llc/pxz_llc/subsystem3/subsystem4/counter1/logical1_y_net_x2                             |                                                                                                                                    |                1 |              1 |         1.00 |
|  CLOCK_GEN/inst/clk_out1  | MODEL_GEN/U0/model_struct/dmm_norton_llc/dmm_llc/pxz_llc/subsystem3/subsystem5/counter1/logical1_y_net_x3                             |                                                                                                                                    |                1 |              1 |         1.00 |
|  CLOCK_GEN/inst/clk_out1  | MODEL_GEN/U0/model_struct/dmm_norton_llc/dmm_llc/pxz_llc/subsystem3/subsystem6/counter1/logical1_y_net_x4                             |                                                                                                                                    |                1 |              1 |         1.00 |
|  CLOCK_GEN/inst/clk_out1  | MODEL_GEN/U0/model_struct/dmm_norton_llc/dmm_llc/pxz_llc/subsystem3/subsystem7/counter1/logical1_y_net_x5                             |                                                                                                                                    |                1 |              1 |         1.00 |
|  CLOCK_GEN/inst/clk_out1  | MODEL_GEN/U0/model_struct/dmm_norton_llc/dmm_llc/pxz_llc/subsystem3/subsystem8/counter1/logical1_y_net_x6                             |                                                                                                                                    |                1 |              1 |         1.00 |
|  CLOCK_GEN/inst/clk_out1  | MODEL_GEN/U0/model_struct/dmm_norton_llc/dmm_llc/pxz_llc/subsystem9/subsystem/counter1/logical1_y_net                                 |                                                                                                                                    |                1 |              1 |         1.00 |
|  CLOCK_GEN/inst/clk_out1  | MODEL_GEN/U0/model_struct/dmm_norton_llc/dmm_llc/pxz_llc/subsystem9/subsystem2/counter1/logical1_y_net_x0                             |                                                                                                                                    |                1 |              1 |         1.00 |
|  CLOCK_GEN/inst/clk_out1  | MODEL_GEN/U0/model_struct/dmm_norton_ibc/dmm_ibc/pxz/subsystem3/subsystem7/counter1/logical1_y_net_x5                                 |                                                                                                                                    |                1 |              1 |         1.00 |
|  CLOCK_GEN/inst/clk_out1  | MODEL_GEN/U0/model_struct/dmm_norton_ibc/dmm_ibc/pxz/subsystem2/subsystem/counter1/logical1_y_net                                     |                                                                                                                                    |                1 |              1 |         1.00 |
|  CLOCK_GEN/inst/clk_out1  | MODEL_GEN/U0/model_struct/dmm_norton_ibc/dmm_ibc/pxz/subsystem2/subsystem2/counter1/logical1_y_net_x0                                 |                                                                                                                                    |                1 |              1 |         1.00 |
|  CLOCK_GEN/inst/clk_out1  | MODEL_GEN/U0/model_struct/dmm_norton_ibc/dmm_ibc/pxz/subsystem2/subsystem3/counter1/logical1_y_net_x1                                 |                                                                                                                                    |                1 |              1 |         1.00 |
|  CLOCK_GEN/inst/clk_out1  | MODEL_GEN/U0/model_struct/dmm_norton_ibc/dmm_ibc/pxz/subsystem2/subsystem5/counter1/logical1_y_net_x3                                 |                                                                                                                                    |                1 |              1 |         1.00 |
|  CLOCK_GEN/inst/clk_out1  | MODEL_GEN/U0/model_struct/dmm_norton_ibc/dmm_ibc/pxz/subsystem2/subsystem6/counter1/logical1_y_net_x4                                 |                                                                                                                                    |                1 |              1 |         1.00 |
|  CLOCK_GEN/inst/clk_out1  | MODEL_GEN/U0/model_struct/dmm_norton_ibc/dmm_ibc/pxz/subsystem2/subsystem7/counter1/logical1_y_net_x5                                 |                                                                                                                                    |                1 |              1 |         1.00 |
|  CLOCK_GEN/inst/clk_out1  | MODEL_GEN/U0/model_struct/dmm_norton_ibc/dmm_ibc/pxz/subsystem2/subsystem8/counter1/logical1_y_net_x6                                 |                                                                                                                                    |                1 |              1 |         1.00 |
|  CLOCK_GEN/inst/clk_out1  | MODEL_GEN/U0/model_struct/dmm_norton_ibc/dmm_ibc/pxz/subsystem3/subsystem/counter1/logical1_y_net                                     |                                                                                                                                    |                1 |              1 |         1.00 |
|  CLOCK_GEN/inst/clk_out1  | MODEL_GEN/U0/model_struct/dmm_norton_ibc/dmm_ibc/pxz/subsystem3/subsystem2/counter1/logical1_y_net_x0                                 |                                                                                                                                    |                1 |              1 |         1.00 |
|  CLOCK_GEN/inst/clk_out1  | MODEL_GEN/U0/model_struct/dmm_norton_ibc/dmm_ibc/pxz/subsystem3/subsystem3/counter1/logical1_y_net_x1                                 |                                                                                                                                    |                1 |              1 |         1.00 |
|  CLOCK_GEN/inst/clk_out1  | MODEL_GEN/U0/model_struct/dmm_norton_ibc/dmm_ibc/pxz/subsystem3/subsystem4/counter1/logical1_y_net_x2                                 |                                                                                                                                    |                1 |              1 |         1.00 |
|  CLOCK_GEN/inst/clk_out1  | MODEL_GEN/U0/model_struct/dmm_norton_ibc/dmm_ibc/pxz/subsystem3/subsystem5/counter1/logical1_y_net_x3                                 |                                                                                                                                    |                1 |              1 |         1.00 |
|  CLOCK_GEN/inst/clk_out1  | MODEL_GEN/U0/model_struct/dmm_norton_ibc/dmm_ibc/pxz/subsystem3/subsystem6/counter1/logical1_y_net_x4                                 |                                                                                                                                    |                1 |              1 |         1.00 |
|  CLOCK_GEN/inst/clk_out1  | MODEL_GEN/U0/model_struct/dmm_norton_llc/dmm_llc/pxz_llc/subsystem9/subsystem3/counter1/logical1_y_net_x1                             |                                                                                                                                    |                1 |              1 |         1.00 |
|  CLOCK_GEN/inst/clk_out1  | MODEL_GEN/U0/model_struct/dmm_norton_ibc/dmm_ibc/pxz/subsystem3/subsystem8/counter1/logical1_y_net_x6                                 |                                                                                                                                    |                1 |              1 |         1.00 |
|  CLOCK_GEN/inst/clk_out1  | MODEL_GEN/U0/model_struct/dmm_norton_ibc/dmm_ibc/pxz/subsystem4/subsystem/counter1/logical1_y_net                                     |                                                                                                                                    |                1 |              1 |         1.00 |
|  CLOCK_GEN/inst/clk_out1  | MODEL_GEN/U0/model_struct/dmm_norton_ibc/dmm_ibc/pxz/subsystem4/subsystem2/counter1/logical1_y_net_x0                                 |                                                                                                                                    |                1 |              1 |         1.00 |
|  CLOCK_GEN/inst/clk_out1  | MODEL_GEN/U0/model_struct/dmm_norton_ibc/dmm_ibc/pxz/subsystem4/subsystem3/counter1/logical1_y_net_x1                                 |                                                                                                                                    |                1 |              1 |         1.00 |
|  CLOCK_GEN/inst/clk_out1  | MODEL_GEN/U0/model_struct/dmm_norton_ibc/dmm_ibc/pxz/subsystem4/subsystem4/counter1/logical1_y_net_x2                                 |                                                                                                                                    |                1 |              1 |         1.00 |
|  CLOCK_GEN/inst/clk_out1  | MODEL_GEN/U0/model_struct/dmm_norton_ibc/dmm_ibc/pxz/subsystem4/subsystem5/counter1/logical1_y_net_x3                                 |                                                                                                                                    |                1 |              1 |         1.00 |
|  CLOCK_GEN/inst/clk_out1  | MODEL_GEN/U0/model_struct/dmm_norton_ibc/dmm_ibc/pxz/subsystem4/subsystem6/counter1/logical1_y_net_x4                                 |                                                                                                                                    |                1 |              1 |         1.00 |
|  CLOCK_GEN/inst/clk_out1  | MODEL_GEN/U0/model_struct/dmm_norton_ibc/dmm_ibc/pxz/subsystem4/subsystem7/counter1/logical1_y_net_x5                                 |                                                                                                                                    |                1 |              1 |         1.00 |
|  CLOCK_GEN/inst/clk_out1  | MODEL_GEN/U0/model_struct/dmm_norton_ibc/dmm_ibc/pxz/subsystem4/subsystem8/counter1/logical1_y_net_x6                                 |                                                                                                                                    |                1 |              1 |         1.00 |
|  CLOCK_GEN/inst/clk_out1  | MODEL_GEN/U0/model_struct/dmm_norton_ibc/dmm_ibc/pxz/subsystem9/subsystem/counter1/logical1_y_net                                     |                                                                                                                                    |                1 |              1 |         1.00 |
|  CLOCK_GEN/inst/clk_out1  | MODEL_GEN/U0/model_struct/dmm_norton_ibc/dmm_ibc/pxz/subsystem9/subsystem2/counter1/logical1_y_net_x0                                 |                                                                                                                                    |                1 |              1 |         1.00 |
|  CLOCK_GEN/inst/clk_out1  | MODEL_GEN/U0/model_struct/dmm_norton_ibc/dmm_ibc/pxz/subsystem9/subsystem3/counter1/logical1_y_net_x1                                 |                                                                                                                                    |                1 |              1 |         1.00 |
|  CLOCK_GEN/inst/clk_out1  | MODEL_GEN/U0/model_struct/dmm_norton_ibc/dmm_ibc/pxz/subsystem9/subsystem4/counter1/logical1_y_net_x2                                 |                                                                                                                                    |                1 |              1 |         1.00 |
|  CLOCK_GEN/inst/clk_out1  | MODEL_GEN/U0/model_struct/dmm_norton_ibc/dmm_ibc/pxz/subsystem9/subsystem5/counter1/logical1_y_net_x3                                 |                                                                                                                                    |                1 |              1 |         1.00 |
|  CLOCK_GEN/inst/clk_out1  | MODEL_GEN/U0/model_struct/dmm_norton_ibc/dmm_ibc/pxz/subsystem9/subsystem6/counter1/logical1_y_net_x4                                 |                                                                                                                                    |                1 |              1 |         1.00 |
|  CLOCK_GEN/inst/clk_out1  | MODEL_GEN/U0/model_struct/dmm_norton_ibc/dmm_ibc/pxz/subsystem9/subsystem7/counter1/logical1_y_net_x5                                 |                                                                                                                                    |                1 |              1 |         1.00 |
|  CLOCK_GEN/inst/clk_out1  | MODEL_GEN/U0/model_struct/dmm_norton_ibc/dmm_ibc/pxz/subsystem9/subsystem8/counter1/logical1_y_net_x6                                 |                                                                                                                                    |                1 |              1 |         1.00 |
|  CLOCK_GEN/inst/clk_out1  | MODEL_GEN/U0/model_struct/dmm_norton_llc/dmm_llc/pxz_llc/subsystem9/subsystem4/counter1/logical1_y_net_x2                             |                                                                                                                                    |                1 |              1 |         1.00 |
|  CLOCK_GEN/inst/clk_out1  | MODEL_GEN/U0/model_struct/dmm_norton_llc/dmm_llc/pxz_llc/subsystem9/subsystem5/counter1/logical1_y_net_x3                             |                                                                                                                                    |                1 |              1 |         1.00 |
|  CLOCK_GEN/inst/clk_out1  | MODEL_GEN/U0/model_struct/dmm_norton_llc/dmm_llc/pxz_llc/subsystem9/subsystem6/counter1/logical1_y_net_x4                             |                                                                                                                                    |                1 |              1 |         1.00 |
|  CLOCK_GEN/inst/clk_out1  | MODEL_GEN/U0/model_struct/dmm_norton_llc/dmm_llc/pxz_llc/subsystem9/subsystem7/counter1/logical1_y_net_x5                             |                                                                                                                                    |                1 |              1 |         1.00 |
|  CLOCK_GEN/inst/clk_out1  | MODEL_GEN/U0/model_struct/dmm_norton_llc/dmm_llc/pxz_llc/subsystem9/subsystem8/counter1/logical1_y_net_x6                             |                                                                                                                                    |                1 |              1 |         1.00 |
|  CLOCK_GEN/inst/clk_out1  | MODEL_GEN/U0/model_struct/dmm_norton_llc/dmm_llc/pxz_llc/subsystem4/subsystem/counter1/logical1_y_net                                 |                                                                                                                                    |                1 |              1 |         1.00 |
|  CLOCK_GEN/inst/clk_out1  | MODEL_GEN/U0/model_struct/dmm_norton_llc/dmm_llc/pxz_llc/subsystem4/subsystem2/counter1/logical1_y_net_x0                             |                                                                                                                                    |                1 |              1 |         1.00 |
|  CLOCK_GEN/inst/clk_out1  | MODEL_GEN/U0/model_struct/dmm_norton_llc/dmm_llc/pxz_llc/subsystem4/subsystem3/counter1/logical1_y_net_x1                             |                                                                                                                                    |                1 |              1 |         1.00 |
|  CLOCK_GEN/inst/clk_out1  | MODEL_GEN/U0/model_struct/dmm_norton_llc/dmm_llc/pxz_llc/subsystem4/subsystem4/counter1/logical1_y_net_x2                             |                                                                                                                                    |                1 |              1 |         1.00 |
|  CLOCK_GEN/inst/clk_out1  | MODEL_GEN/U0/model_struct/dmm_norton_llc/dmm_llc/pxz_llc/subsystem4/subsystem5/counter1/logical1_y_net_x3                             |                                                                                                                                    |                1 |              1 |         1.00 |
|  CLOCK_GEN/inst/clk_out1  | MODEL_GEN/U0/model_struct/dmm_norton_llc/dmm_llc/pxz_llc/subsystem4/subsystem6/counter1/logical1_y_net_x4                             |                                                                                                                                    |                1 |              1 |         1.00 |
|  CLOCK_GEN/inst/clk_out1  | MODEL_GEN/U0/model_struct/dmm_norton_llc/dmm_llc/pxz_llc/subsystem2/subsystem/counter1/logical1_y_net                                 |                                                                                                                                    |                1 |              1 |         1.00 |
|  CLOCK_GEN/inst/clk_out1  | MODEL_GEN/U0/model_struct/dmm_norton_llc/dmm_llc/pxz_llc/subsystem2/subsystem2/counter1/logical1_y_net_x0                             |                                                                                                                                    |                1 |              1 |         1.00 |
|  CLOCK_GEN/inst/clk_out1  | MODEL_GEN/U0/model_struct/dmm_norton_llc/dmm_llc/pxz_llc/subsystem2/subsystem3/counter1/logical1_y_net_x1                             |                                                                                                                                    |                1 |              1 |         1.00 |
|  CLOCK_GEN/inst/clk_out1  | MODEL_GEN/U0/model_struct/dmm_norton_llc/dmm_llc/pxz_llc/subsystem2/subsystem4/counter1/logical1_y_net_x2                             |                                                                                                                                    |                1 |              1 |         1.00 |
|  CLOCK_GEN/inst/clk_out1  | MODEL_GEN/U0/model_struct/dmm_norton_llc/dmm_llc/pxz_llc/subsystem2/subsystem5/counter1/logical1_y_net_x3                             |                                                                                                                                    |                1 |              1 |         1.00 |
|  CLOCK_GEN/inst/clk_out1  |                                                                                                                                       | SYNC_FIFO/U0/inst_fifo_gen/gconvfifo.rf/grf.rf/rstblk/rst_d2                                                                       |                1 |              2 |         2.00 |
|  single_clk_out_OBUF_BUFG |                                                                                                                                       | SYNC_FIFO/U0/inst_fifo_gen/gconvfifo.rf/grf.rf/rstblk/ngwrdrst.grst.g7serrst.gnsckt_wrst.gic_rst.sckt_rd_rst_ic_reg_0[0]           |                1 |              2 |         2.00 |
|  CLOCK_GEN/inst/clk_out1  | MODEL_GEN/U0/model_struct/llc_solver/dpunit/dpunit/delay/srl_delay.synth_reg_srl_inst/partial_one.last_srlc33e/state[0]               | MODEL_GEN/U0/model_struct/dmm_norton_llc/state_llc/subsystem1/first5/subsystem4/counter1/SINIT                                     |                1 |              3 |         3.00 |
|  CLOCK_GEN/inst/clk_out1  | MODEL_GEN/U0/model_struct/llc_solver/dpunit/dpunit/delay/srl_delay.synth_reg_srl_inst/partial_one.last_srlc33e/state[0]               | MODEL_GEN/U0/model_struct/dmm_norton_llc/state_llc/subsystem1/first5/subsystem3/counter1/SINIT                                     |                1 |              3 |         3.00 |
|  CLOCK_GEN/inst/clk_out1  | MODEL_GEN/U0/model_struct/llc_solver/dpunit/dpunit/delay/srl_delay.synth_reg_srl_inst/partial_one.last_srlc33e/state[0]               | MODEL_GEN/U0/model_struct/dmm_norton_llc/state_llc/subsystem1/first5/subsystem2/counter1/SINIT                                     |                1 |              3 |         3.00 |
|  CLOCK_GEN/inst/clk_out1  | MODEL_GEN/U0/model_struct/llc_solver/dpunit/dpunit/delay/srl_delay.synth_reg_srl_inst/partial_one.last_srlc33e/state[0]               | MODEL_GEN/U0/model_struct/dmm_norton_llc/state_llc/subsystem1/first5/subsystem1/counter1/SINIT                                     |                1 |              3 |         3.00 |
|  CLOCK_GEN/inst/clk_out1  | MODEL_GEN/U0/model_struct/llc_solver/dpunit/dpunit1/delay/srl_delay.synth_reg_srl_inst/partial_one.last_srlc33e/state[0]              | MODEL_GEN/U0/model_struct/dmm_norton_llc/state_llc/subsystem1/second5/subsystem/counter1/SINIT                                     |                1 |              3 |         3.00 |
|  CLOCK_GEN/inst/clk_out1  | MODEL_GEN/U0/model_struct/llc_solver/dpunit/dpunit1/delay/srl_delay.synth_reg_srl_inst/partial_one.last_srlc33e/state[0]              | MODEL_GEN/U0/model_struct/dmm_norton_llc/state_llc/subsystem1/second5/subsystem1/counter1/SINIT                                    |                1 |              3 |         3.00 |
|  CLOCK_GEN/inst/clk_out1  | MODEL_GEN/U0/model_struct/llc_solver/dpunit/dpunit1/delay/srl_delay.synth_reg_srl_inst/partial_one.last_srlc33e/state[0]              | MODEL_GEN/U0/model_struct/dmm_norton_llc/state_llc/subsystem1/second5/subsystem2/counter1/SINIT                                    |                1 |              3 |         3.00 |
|  CLOCK_GEN/inst/clk_out1  | MODEL_GEN/U0/model_struct/llc_solver/dpunit/dpunit/delay/srl_delay.synth_reg_srl_inst/partial_one.last_srlc33e/state[0]               | MODEL_GEN/U0/model_struct/dmm_norton_llc/state_llc/subsystem1/first5/subsystem/counter1/SINIT                                      |                1 |              3 |         3.00 |
|  CLOCK_GEN/inst/clk_out1  | MODEL_GEN/U0/model_struct/ibc_solver/dpunit_rec_ibc2/delay/srl_delay.synth_reg_srl_inst/partial_one.last_srlc33e/state[0]             | MODEL_GEN/U0/model_struct/dmm_norton_ibc/z_generattion2/output/rectifier_diode/subsystem3/counter1/SINIT                           |                1 |              3 |         3.00 |
|  CLOCK_GEN/inst/clk_out1  | MODEL_GEN/U0/model_struct/ibc_solver/dpunit_rec_ibc2/delay/srl_delay.synth_reg_srl_inst/partial_one.last_srlc33e/state[0]             | MODEL_GEN/U0/model_struct/dmm_norton_ibc/z_generattion2/output/rectifier_diode/subsystem2/counter1/SINIT                           |                1 |              3 |         3.00 |
|  CLOCK_GEN/inst/clk_out1  | MODEL_GEN/U0/model_struct/ibc_solver/dpunit_rec_ibc2/delay/srl_delay.synth_reg_srl_inst/partial_one.last_srlc33e/state[0]             | MODEL_GEN/U0/model_struct/dmm_norton_ibc/z_generattion2/output/rectifier_diode/subsystem1/counter1/SINIT                           |                1 |              3 |         3.00 |
|  CLOCK_GEN/inst/clk_out1  | MODEL_GEN/U0/model_struct/ibc_solver/dpunit_rec_ibc2/delay/srl_delay.synth_reg_srl_inst/partial_one.last_srlc33e/state[0]             | MODEL_GEN/U0/model_struct/dmm_norton_ibc/z_generattion2/output/rectifier_diode/subsystem/counter1/SINIT                            |                1 |              3 |         3.00 |
|  CLOCK_GEN/inst/clk_out1  | MODEL_GEN/U0/model_struct/llc_solver/dpunit/dpunit1/delay/srl_delay.synth_reg_srl_inst/partial_one.last_srlc33e/state[0]              | MODEL_GEN/U0/model_struct/dmm_norton_llc/state_llc/subsystem1/second5/subsystem3/counter1/SINIT                                    |                1 |              3 |         3.00 |
|  CLOCK_GEN/inst/clk_out1  | MODEL_GEN/U0/model_struct/llc_solver/dpunit/dpunit1/delay/srl_delay.synth_reg_srl_inst/partial_one.last_srlc33e/state[0]              | MODEL_GEN/U0/model_struct/dmm_norton_llc/state_llc/subsystem1/second5/subsystem4/counter1/SINIT                                    |                1 |              3 |         3.00 |
|  CLOCK_GEN/inst/clk_out1  | MODEL_GEN/U0/model_struct/llc_solver/dpunit/dpunit/delay/srl_delay.synth_reg_srl_inst/partial_one.last_srlc33e/state[0]               | MODEL_GEN/U0/model_struct/select_x0/subsystem/counter1/SINIT                                                                       |                1 |              3 |         3.00 |
|  single_clk_out_OBUF_BUFG |                                                                                                                                       | SYNC_FIFO/U0/inst_fifo_gen/gconvfifo.rf/grf.rf/rstblk/ngwrdrst.grst.g7serrst.gnsckt_wrst.gic_rst.rst_rd_reg2_inst/arststages_ff[1] |                2 |              3 |         1.50 |
|  CLOCK_GEN/inst/clk_out1  |                                                                                                                                       | MODEL_GEN/U0/model_struct/control1/counter/SINIT                                                                                   |                2 |              6 |         3.00 |
|  CLOCK_GEN/inst/clk_out1  |                                                                                                                                       | SYNC_FIFO/U0/inst_fifo_gen/gconvfifo.rf/grf.rf/rstblk/ngwrdrst.grst.g7serrst.gnsckt_wrst.rst_wr_reg2_inst/arststages_ff[1]         |                3 |              9 |         3.00 |
|  CLOCK_GEN/inst/clk_out1  | MODEL_GEN/U0/model_struct/select_x0/subsystem/counter1/ce                                                                             |                                                                                                                                    |                6 |             16 |         2.67 |
|  CLOCK_GEN/inst/clk_out1  | neqOp                                                                                                                                 |                                                                                                                                    |                3 |             16 |         5.33 |
|  single_clk_out_OBUF_BUFG |                                                                                                                                       | DAC_INTERFACE/signal_3_enable                                                                                                      |                5 |             16 |         3.20 |
|  single_clk_out_OBUF_BUFG | dac_buffer_1_we                                                                                                                       |                                                                                                                                    |                6 |             16 |         2.67 |
|  CLOCK_GEN/inst/clk_out1  | MODEL_GEN/U0/model_struct/dmm_norton_llc/dmm_llc/pxz_llc/dpunit3/delay/srl_delay.synth_reg_srl_inst/partial_one.last_srlc33e/pxz[0]   |                                                                                                                                    |                6 |             18 |         3.00 |
|  single_clk_out_OBUF_BUFG | SYNC_FIFO/U0/inst_fifo_gen/gconvfifo.rf/grf.rf/gntv_or_sync_fifo.gl0.rd/gras.rsts/E[0]                                                | SYNC_FIFO/U0/inst_fifo_gen/gconvfifo.rf/grf.rf/rstblk/ngwrdrst.grst.g7serrst.gnsckt_wrst.gic_rst.sckt_rd_rst_ic_reg_0[0]           |                5 |             20 |         4.00 |
|  CLOCK_GEN/inst/clk_out1  | MODEL_GEN/U0/model_struct/dmm_norton_llc/dmm_llc/pxz_llc/dpunit/delay/srl_delay.synth_reg_srl_inst/partial_one.last_srlc33e/pxz[0]    |                                                                                                                                    |                8 |             24 |         3.00 |
|  CLOCK_GEN/inst/clk_out1  | MODEL_GEN/U0/model_struct/dmm_norton_llc/dmm_llc/pxz_llc/dpunit2/delay/srl_delay.synth_reg_srl_inst/partial_one.last_srlc33e/pxz[0]   |                                                                                                                                    |                8 |             24 |         3.00 |
|  CLOCK_GEN/inst/clk_out1  | MODEL_GEN/U0/model_struct/dmm_norton_ibc/dmm_ibc/pxz/dpunit_rec_ibc2/delay/srl_delay.synth_reg_srl_inst/partial_one.last_srlc33e/p[0] |                                                                                                                                    |                8 |             24 |         3.00 |
|  CLOCK_GEN/inst/clk_out1  | MODEL_GEN/U0/model_struct/dmm_norton_ibc/dmm_ibc/pxz/dpunit_rec_ibc3/delay/srl_delay.synth_reg_srl_inst/partial_one.last_srlc33e/p[0] |                                                                                                                                    |                8 |             24 |         3.00 |
|  CLOCK_GEN/inst/clk_out1  | MODEL_GEN/U0/model_struct/dmm_norton_ibc/dmm_ibc/pxz/dpunit_rec_ibc4/delay/srl_delay.synth_reg_srl_inst/partial_one.last_srlc33e/p[0] |                                                                                                                                    |                8 |             24 |         3.00 |
|  CLOCK_GEN/inst/clk_out1  | MODEL_GEN/U0/model_struct/dmm_norton_llc/dmm_llc/pxz_llc/dpunit1/delay/srl_delay.synth_reg_srl_inst/partial_one.last_srlc33e/pxz[0]   |                                                                                                                                    |                8 |             24 |         3.00 |
|  CLOCK_GEN/inst/clk_out1  | MODEL_GEN/U0/model_struct/dmm_norton_ibc/dmm_ibc/pxz/dpunit_rec_ibc1/delay/srl_delay.synth_reg_srl_inst/partial_one.last_srlc33e/p[0] |                                                                                                                                    |                8 |             24 |         3.00 |
|  CLOCK_GEN/inst/clk_out1  | SYNC_FIFO/U0/inst_fifo_gen/gconvfifo.rf/grf.rf/gntv_or_sync_fifo.gl0.wr/gwas.wsts/E[0]                                                | SYNC_FIFO/U0/inst_fifo_gen/gconvfifo.rf/grf.rf/rstblk/AR[0]                                                                        |                8 |             30 |         3.75 |
|  CLOCK_GEN/inst/clk_out1  | MODEL_GEN/U0/model_struct/dmm_norton_llc/state_llc/subsystem1/second5/subsystem4/counter1/ce                                          |                                                                                                                                    |               11 |             35 |         3.18 |
|  CLOCK_GEN/inst/clk_out1  | MODEL_GEN/U0/model_struct/dmm_norton_ibc/z_generattion2/output/rectifier_diode/subsystem3/counter1/ce                                 |                                                                                                                                    |               12 |             35 |         2.92 |
|  CLOCK_GEN/inst/clk_out1  | MODEL_GEN/U0/model_struct/dmm_norton_ibc/z_generattion2/output/rectifier_diode/subsystem2/counter1/ce                                 |                                                                                                                                    |               14 |             35 |         2.50 |
|  CLOCK_GEN/inst/clk_out1  | MODEL_GEN/U0/model_struct/dmm_norton_ibc/z_generattion2/output/rectifier_diode/subsystem/counter1/ce                                  |                                                                                                                                    |               16 |             35 |         2.19 |
|  CLOCK_GEN/inst/clk_out1  | MODEL_GEN/U0/model_struct/dmm_norton_llc/state_llc/subsystem1/first5/subsystem4/counter1/ce                                           |                                                                                                                                    |               15 |             35 |         2.33 |
|  CLOCK_GEN/inst/clk_out1  | MODEL_GEN/U0/model_struct/dmm_norton_llc/state_llc/subsystem1/second5/subsystem/counter1/ce                                           |                                                                                                                                    |               27 |             35 |         1.30 |
|  CLOCK_GEN/inst/clk_out1  | MODEL_GEN/U0/model_struct/dmm_norton_llc/state_llc/subsystem1/second5/subsystem3/counter1/ce                                          |                                                                                                                                    |                8 |             35 |         4.38 |
|  CLOCK_GEN/inst/clk_out1  | MODEL_GEN/U0/model_struct/dmm_norton_ibc/z_generattion2/output/rectifier_diode/subsystem1/counter1/ce                                 |                                                                                                                                    |               15 |             37 |         2.47 |
|  CLOCK_GEN/inst/clk_out1  | MODEL_GEN/U0/model_struct/dmm_norton_llc/state_llc/subsystem1/first5/subsystem/counter1/ce                                            |                                                                                                                                    |               20 |             37 |         1.85 |
|  CLOCK_GEN/inst/clk_out1  | MODEL_GEN/U0/model_struct/dmm_norton_llc/state_llc/subsystem1/second5/subsystem2/counter1/ce                                          |                                                                                                                                    |               12 |             37 |         3.08 |
|  CLOCK_GEN/inst/clk_out1  | MODEL_GEN/U0/model_struct/dmm_norton_llc/state_llc/subsystem1/first5/subsystem2/counter1/ce                                           |                                                                                                                                    |               28 |             38 |         1.36 |
|  CLOCK_GEN/inst/clk_out1  | MODEL_GEN/U0/model_struct/dmm_norton_llc/state_llc/subsystem1/first5/subsystem3/counter1/ce                                           |                                                                                                                                    |               24 |             38 |         1.58 |
|  CLOCK_GEN/inst/clk_out1  | MODEL_GEN/U0/model_struct/dmm_norton_llc/state_llc/subsystem1/second5/subsystem1/counter1/ce                                          |                                                                                                                                    |               32 |             38 |         1.19 |
|  CLOCK_GEN/inst/clk_out1  | MODEL_GEN/U0/model_struct/control1/rom/xpm_memory_sprom_inst/xpm_memory_base_inst/douta[0]                                            |                                                                                                                                    |               23 |             39 |         1.70 |
|  single_clk_out_OBUF_BUFG |                                                                                                                                       |                                                                                                                                    |               15 |             51 |         3.40 |
|  CLOCK_GEN/inst/clk_out1  | MODEL_GEN/U0/model_struct/dmm_norton_llc/state_llc/subsystem1/first5/subsystem1/counter1/ce                                           |                                                                                                                                    |               26 |             52 |         2.00 |
|  CLOCK_GEN/inst/clk_out1  |                                                                                                                                       |                                                                                                                                    |             2612 |           9080 |         3.48 |
+---------------------------+---------------------------------------------------------------------------------------------------------------------------------------+------------------------------------------------------------------------------------------------------------------------------------+------------------+----------------+--------------+


