INFO: [VRFC 10-163] Analyzing VHDL file "C:/Users/Projet/Desktop/Recherche/gallay_DACGenesys2/workspace/zc706_dac/zc706_dac.ip_user_files/ipstatic/hdl/xbip_utils_v3_0_vh_rfs.vhd" into library xbip_utils_v3_0_10
INFO: [VRFC 10-163] Analyzing VHDL file "C:/Users/Projet/Desktop/Recherche/gallay_DACGenesys2/workspace/zc706_dac/zc706_dac.ip_user_files/ipstatic/hdl/c_reg_fd_v12_0_vh_rfs.vhd" into library c_reg_fd_v12_0_6
INFO: [VRFC 10-3107] analyzing entity 'c_reg_fd_v12_0_6_viv'
INFO: [VRFC 10-3107] analyzing entity 'c_reg_fd_v12_0_6'
INFO: [VRFC 10-163] Analyzing VHDL file "C:/Users/Projet/Desktop/Recherche/gallay_DACGenesys2/workspace/zc706_dac/zc706_dac.ip_user_files/ipstatic/hdl/xbip_dsp48_wrapper_v3_0_vh_rfs.vhd" into library xbip_dsp48_wrapper_v3_0_4
INFO: [VRFC 10-3107] analyzing entity 'xbip_dsp48a_wrapper_v3_0'
INFO: [VRFC 10-3107] analyzing entity 'xbip_dsp48a1_wrapper_v3_0'
INFO: [VRFC 10-3107] analyzing entity 'xbip_dsp48e_wrapper_v3_0'
INFO: [VRFC 10-3107] analyzing entity 'xbip_dsp48e1_wrapper_v3_0'
INFO: [VRFC 10-3107] analyzing entity 'xbip_dsp48e2_wrapper_v3_0'
INFO: [VRFC 10-3107] analyzing entity 'xbip_dsp58e5_wrapper_v3_0'
INFO: [VRFC 10-3107] analyzing entity 'xbip_dsp48_wrapper_v3_0_4'
INFO: [VRFC 10-163] Analyzing VHDL file "C:/Users/Projet/Desktop/Recherche/gallay_DACGenesys2/workspace/zc706_dac/zc706_dac.ip_user_files/ipstatic/hdl/xbip_pipe_v3_0_vh_rfs.vhd" into library xbip_pipe_v3_0_6
INFO: [VRFC 10-3107] analyzing entity 'xbip_pipe_v3_0_6_viv'
INFO: [VRFC 10-3107] analyzing entity 'xbip_pipe_v3_0_6'
INFO: [VRFC 10-163] Analyzing VHDL file "C:/Users/Projet/Desktop/Recherche/gallay_DACGenesys2/workspace/zc706_dac/zc706_dac.ip_user_files/ipstatic/hdl/xbip_dsp48_addsub_v3_0_vh_rfs.vhd" into library xbip_dsp48_addsub_v3_0_6
INFO: [VRFC 10-3107] analyzing entity 'xbip_dsp48_addsub_rtl'
INFO: [VRFC 10-3107] analyzing entity 'xbip_dsp48_addsub_synth'
INFO: [VRFC 10-3107] analyzing entity 'xbip_dsp48_addsub_v3_0_6_viv'
INFO: [VRFC 10-3107] analyzing entity 'xbip_dsp48_addsub_v3_0_6'
INFO: [VRFC 10-163] Analyzing VHDL file "C:/Users/Projet/Desktop/Recherche/gallay_DACGenesys2/workspace/zc706_dac/zc706_dac.ip_user_files/ipstatic/hdl/xbip_addsub_v3_0_vh_rfs.vhd" into library xbip_addsub_v3_0_6
INFO: [VRFC 10-3107] analyzing entity 'xbip_addsub_v3_0_6_viv'
INFO: [VRFC 10-3107] analyzing entity 'xbip_addsub_v3_0_6'
INFO: [VRFC 10-163] Analyzing VHDL file "C:/Users/Projet/Desktop/Recherche/gallay_DACGenesys2/workspace/zc706_dac/zc706_dac.ip_user_files/ipstatic/hdl/c_addsub_v12_0_vh_rfs.vhd" into library c_addsub_v12_0_14
INFO: [VRFC 10-3107] analyzing entity 'c_addsub_v12_0_14_lut6_legacy'
INFO: [VRFC 10-3107] analyzing entity 'c_addsub_v12_0_14_base_legacy'
INFO: [VRFC 10-3107] analyzing entity 'c_addsub_v12_0_14_fabric_legacy'
INFO: [VRFC 10-3107] analyzing entity 'c_addsub_v12_0_14_legacy'
INFO: [VRFC 10-3107] analyzing entity 'c_addsub_v12_0_14_viv'
INFO: [VRFC 10-3107] analyzing entity 'c_addsub_v12_0_14'
INFO: [VRFC 10-163] Analyzing VHDL file "C:/Users/Projet/Desktop/Recherche/gallay_DACGenesys2/workspace/zc706_dac/zc706_dac.ip_user_files/ipstatic/hdl/c_gate_bit_v12_0_vh_rfs.vhd" into library c_gate_bit_v12_0_6
INFO: [VRFC 10-3107] analyzing entity 'c_gate_bit_tile'
INFO: [VRFC 10-3107] analyzing entity 'c_gate_bit_tier'
INFO: [VRFC 10-3107] analyzing entity 'c_gate_bit_v12_0_6_viv'
INFO: [VRFC 10-3107] analyzing entity 'c_gate_bit_v12_0_6'
INFO: [VRFC 10-163] Analyzing VHDL file "C:/Users/Projet/Desktop/Recherche/gallay_DACGenesys2/workspace/zc706_dac/zc706_dac.ip_user_files/ipstatic/hdl/xbip_counter_v3_0_vh_rfs.vhd" into library xbip_counter_v3_0_6
INFO: [VRFC 10-3107] analyzing entity 'dsp48_counter'
INFO: [VRFC 10-3107] analyzing entity 'fabric_counter'
INFO: [VRFC 10-3107] analyzing entity 'xbip_counter_v3_0_6_viv'
INFO: [VRFC 10-3107] analyzing entity 'xbip_counter_v3_0_6'
INFO: [VRFC 10-163] Analyzing VHDL file "C:/Users/Projet/Desktop/Recherche/gallay_DACGenesys2/workspace/zc706_dac/zc706_dac.ip_user_files/ipstatic/hdl/c_counter_binary_v12_0_vh_rfs.vhd" into library c_counter_binary_v12_0_14
INFO: [VRFC 10-3107] analyzing entity 'c_counter_binary_v12_0_14_legacy'
INFO: [VRFC 10-3107] analyzing entity 'c_counter_binary_v12_0_14_viv'
INFO: [VRFC 10-3107] analyzing entity 'c_counter_binary_v12_0_14'
